<?xml version="1.0" encoding="UTF-8"?>
<testsuites name="dental" time="1670" tests="0" failures="3" errors="0">
   <testsuite name="dental" tests="0" failures="3" errors="0" time="1670" timestamp="2019-11-10 08:00:28" hostname="Administrator - 172.30.0.53" id="Test Suites/mobileWeb/dental">
      <properties>
[...]
</properties>
      <testcase name="Test Cases/mobileWeb/Dental/National General" classname="Test Cases/mobileWeb/Dental/National General" status="FAILED">
         <failure type="FAILED" message="Test Cases/mobileWeb/Dental/National General FAILED.
Reason:
com.kms.katalon.core.exception.StepFailedException: Unable to click on object 'Object Repository/mobileSanity/Dental/quote/a_Select This Plan' (Root cause: org.openqa.selenium.WebDriverException: unknown error: Element &lt;a href=&quot;/dental-insurance/apply/nationalgeneral-dental-essentials-al&quot; class=&quot;js-buy-plan quote-plan-buy&quot;>...&lt;/a> is not clickable at point (187, 645). Other element would receive the click: &lt;iframe src=&quot;https://secure.livechatinc.com/licence/11465608/v2/open_chat.cgi?license=11465608&amp;amp;group=0&amp;amp;embedded=1&amp;amp;widget_version=3&amp;amp;unique_groups=0&quot; allowtransparency=&quot;true&quot; allow=&quot;autoplay&quot; id=&quot;chat-widget&quot; name=&quot;chat-widget&quot; scrolling=&quot;no&quot; role=&quot;application&quot; aria-label=&quot;LiveChat chat widget&quot; style=&quot;width: 100%; height: 100%; min-height: 0px; min-width: 0px; margin: 0px; padding: 0px; background-image: none; background-position: 0% 0%; background-size: initial; background-attachment: scroll; background-origin: initial; background-clip: initial; background-color: rgba(0, 0, 0, 0); border-width: 0px; float: none; position: absolute; top: 0px; left: 0px; bottom: 0px; right: 0px; transition: none 0s ease 0s !important;&quot;>&lt;/iframe>
  (Session info: chrome=78.0.3904.70)
  (Driver info: chromedriver=2.43.600210 (68dcf5eebde37173d4027fa8635e332711d2874a),platform=Windows NT 6.3.9600 x86_64) (WARNING: The server did not provide any stacktrace information)
Command duration or timeout: 0 milliseconds
Build info: version: '3.7.1', revision: '8a0099a', time: '2017-11-06T21:07:36.161Z'
System info: host: 'WIN-U215233FMVE', ip: '172.30.0.53', os.name: 'Windows Server 2012 R2', os.arch: 'amd64', os.version: '6.3', java.version: '1.8.0_181'
Driver info: com.kms.katalon.selenium.driver.CChromeDriver
Capabilities {acceptInsecureCerts: false, acceptSslCerts: false, applicationCacheEnabled: false, browserConnectionEnabled: false, browserName: chrome, chrome: {chromedriverVersion: 2.43.600210 (68dcf5eebde371..., userDataDir: C:\Users\ADMINI~1\AppData\L...}, cssSelectorsEnabled: true, databaseEnabled: false, goog:chromeOptions: {debuggerAddress: localhost:62757}, handlesAlerts: true, hasTouchScreen: true, javascriptEnabled: true, locationContextEnabled: true, mobileEmulationEnabled: true, nativeEvents: true, networkConnectionEnabled: false, pageLoadStrategy: normal, platform: XP, platformName: XP, rotatable: false, setWindowRect: true, takesHeapSnapshot: true, takesScreenshot: true, unexpectedAlertBehaviour: , unhandledPromptBehavior: , version: 78.0.3904.70, webStorageEnabled: true}
Session ID: d5f1651f4fc4dc08c39b89898eda4f80)
	at com.kms.katalon.core.keyword.internal.KeywordMain.stepFailed(KeywordMain.groovy:32)
	at com.kms.katalon.core.webui.keyword.internal.WebUIKeywordMain.stepFailed(WebUIKeywordMain.groovy:65)
	at com.kms.katalon.core.webui.keyword.internal.WebUIKeywordMain.runKeyword(WebUIKeywordMain.groovy:27)
	at com.kms.katalon.core.webui.keyword.builtin.ClickKeyword.click(ClickKeyword.groovy:86)
	at com.kms.katalon.core.webui.keyword.builtin.ClickKeyword.execute(ClickKeyword.groovy:67)
	at com.kms.katalon.core.keyword.internal.KeywordExecutor.executeKeywordForPlatform(KeywordExecutor.groovy:53)
	at com.kms.katalon.core.webui.keyword.WebUiBuiltInKeywords.click(WebUiBuiltInKeywords.groovy:616)
	at com.kms.katalon.core.webui.keyword.WebUiBuiltInKeywords$click$2.call(Unknown Source)
	at National General.run(National General:40)
	at com.kms.katalon.core.main.ScriptEngine.run(ScriptEngine.java:194)
	at com.kms.katalon.core.main.ScriptEngine.runScriptAsRawText(ScriptEngine.java:119)
	at com.kms.katalon.core.main.TestCaseExecutor.runScript(TestCaseExecutor.java:328)
	at com.kms.katalon.core.main.TestCaseExecutor.doExecute(TestCaseExecutor.java:319)
	at com.kms.katalon.core.main.TestCaseExecutor.processExecutionPhase(TestCaseExecutor.java:298)
	at com.kms.katalon.core.main.TestCaseExecutor.accessMainPhase(TestCaseExecutor.java:290)
	at com.kms.katalon.core.main.TestCaseExecutor.execute(TestCaseExecutor.java:224)
	at com.kms.katalon.core.main.TestSuiteExecutor.accessTestCaseMainPhase(TestSuiteExecutor.java:129)
	at com.kms.katalon.core.main.TestSuiteExecutor.accessTestSuiteMainPhase(TestSuiteExecutor.java:112)
	at com.kms.katalon.core.main.TestSuiteExecutor.execute(TestSuiteExecutor.java:81)
	at com.kms.katalon.core.main.TestCaseMain.startTestSuite(TestCaseMain.java:149)
	at com.kms.katalon.core.main.TestCaseMain$startTestSuite$0.call(Unknown Source)
	at TempTestSuite1573390824681.run(TempTestSuite1573390824681.groovy:36)
"/>
         <system-out><![CDATA[2019-11-10 08:00:29 - [TEST_CASE][FAILED] - Test Cases/mobileWeb/Dental/National General: Test Cases/mobileWeb/Dental/National General FAILED.
Reason:
com.kms.katalon.core.exception.StepFailedException: Unable to click on object 'Object Repository/mobileSanity/Dental/quote/a_Select This Plan' (Root cause: org.openqa.selenium.WebDriverException: unknown error: Element <a href="/dental-insurance/apply/nationalgeneral-dental-essentials-al" class="js-buy-plan quote-plan-buy">...</a> is not clickable at point (187, 645). Other element would receive the click: <iframe src="https://secure.livechatinc.com/licence/11465608/v2/open_chat.cgi?license=11465608&amp;group=0&amp;embedded=1&amp;widget_version=3&amp;unique_groups=0" allowtransparency="true" allow="autoplay" id="chat-widget" name="chat-widget" scrolling="no" role="application" aria-label="LiveChat chat widget" style="width: 100%; height: 100%; min-height: 0px; min-width: 0px; margin: 0px; padding: 0px; background-image: none; background-position: 0% 0%; background-size: initial; background-attachment: scroll; background-origin: initial; background-clip: initial; background-color: rgba(0, 0, 0, 0); border-width: 0px; float: none; position: absolute; top: 0px; left: 0px; bottom: 0px; right: 0px; transition: none 0s ease 0s !important;"></iframe>
  (Session info: chrome=78.0.3904.70)
  (Driver info: chromedriver=2.43.600210 (68dcf5eebde37173d4027fa8635e332711d2874a),platform=Windows NT 6.3.9600 x86_64) (WARNING: The server did not provide any stacktrace information)
Command duration or timeout: 0 milliseconds
Build info: version: '3.7.1', revision: '8a0099a', time: '2017-11-06T21:07:36.161Z'
System info: host: 'WIN-U215233FMVE', ip: '172.30.0.53', os.name: 'Windows Server 2012 R2', os.arch: 'amd64', os.version: '6.3', java.version: '1.8.0_181'
Driver info: com.kms.katalon.selenium.driver.CChromeDriver
Capabilities {acceptInsecureCerts: false, acceptSslCerts: false, applicationCacheEnabled: false, browserConnectionEnabled: false, browserName: chrome, chrome: {chromedriverVersion: 2.43.600210 (68dcf5eebde371..., userDataDir: C:\Users\ADMINI~1\AppData\L...}, cssSelectorsEnabled: true, databaseEnabled: false, goog:chromeOptions: {debuggerAddress: localhost:62757}, handlesAlerts: true, hasTouchScreen: true, javascriptEnabled: true, locationContextEnabled: true, mobileEmulationEnabled: true, nativeEvents: true, networkConnectionEnabled: false, pageLoadStrategy: normal, platform: XP, platformName: XP, rotatable: false, setWindowRect: true, takesHeapSnapshot: true, takesScreenshot: true, unexpectedAlertBehaviour: , unhandledPromptBehavior: , version: 78.0.3904.70, webStorageEnabled: true}
Session ID: d5f1651f4fc4dc08c39b89898eda4f80)
	at com.kms.katalon.core.keyword.internal.KeywordMain.stepFailed(KeywordMain.groovy:32)
	at com.kms.katalon.core.webui.keyword.internal.WebUIKeywordMain.stepFailed(WebUIKeywordMain.groovy:65)
	at com.kms.katalon.core.webui.keyword.internal.WebUIKeywordMain.runKeyword(WebUIKeywordMain.groovy:27)
	at com.kms.katalon.core.webui.keyword.builtin.ClickKeyword.click(ClickKeyword.groovy:86)
	at com.kms.katalon.core.webui.keyword.builtin.ClickKeyword.execute(ClickKeyword.groovy:67)
	at com.kms.katalon.core.keyword.internal.KeywordExecutor.executeKeywordForPlatform(KeywordExecutor.groovy:53)
	at com.kms.katalon.core.webui.keyword.WebUiBuiltInKeywords.click(WebUiBuiltInKeywords.groovy:616)
	at com.kms.katalon.core.webui.keyword.WebUiBuiltInKeywords$click$2.call(Unknown Source)
	at National General.run(National General:40)
	at com.kms.katalon.core.main.ScriptEngine.run(ScriptEngine.java:194)
	at com.kms.katalon.core.main.ScriptEngine.runScriptAsRawText(ScriptEngine.java:119)
	at com.kms.katalon.core.main.TestCaseExecutor.runScript(TestCaseExecutor.java:328)
	at com.kms.katalon.core.main.TestCaseExecutor.doExecute(TestCaseExecutor.java:319)
	at com.kms.katalon.core.main.TestCaseExecutor.processExecutionPhase(TestCaseExecutor.java:298)
	at com.kms.katalon.core.main.TestCaseExecutor.accessMainPhase(TestCaseExecutor.java:290)
	at com.kms.katalon.core.main.TestCaseExecutor.execute(TestCaseExecutor.java:224)
	at com.kms.katalon.core.main.TestSuiteExecutor.accessTestCaseMainPhase(TestSuiteExecutor.java:129)
	at com.kms.katalon.core.main.TestSuiteExecutor.accessTestSuiteMainPhase(TestSuiteExecutor.java:112)
	at com.kms.katalon.core.main.TestSuiteExecutor.execute(TestSuiteExecutor.java:81)
	at com.kms.katalon.core.main.TestCaseMain.startTestSuite(TestCaseMain.java:149)
	at com.kms.katalon.core.main.TestCaseMain$startTestSuite$0.call(Unknown Source)
	at TempTestSuite1573390824681.run(TempTestSuite1573390824681.groovy:36)


2019-11-10 08:00:30 - [TEST_STEP][PASSED] - callTestCase(findTestCase("mobileWeb/_include/get_screenPath"), ["productLine":"dental", "carrierName":"National General"], CONTINUE_ON_FAILURE): Call Test Case 'Test Cases/mobileWeb/_include/get_screenPath' successfully

2019-11-10 08:00:30 - [TEST_CASE][PASSED] - Test Cases/mobileWeb/_include/get_screenPath: Test Cases/mobileWeb/_include/get_screenPath

2019-11-10 08:00:30 - [TEST_STEP][PASSED] - m = getExecutionProperties(): null

2019-11-10 08:00:30 - [TEST_STEP][PASSED] - deviceName = get("mobileEmulation").get("deviceName"): null

2019-11-10 08:00:30 - [TEST_STEP][PASSED] - println(deviceName): null

2019-11-10 08:00:30 - [TEST_STEP][PASSED] - now = new java.util.Date(): null

2019-11-10 08:00:30 - [TEST_STEP][PASSED] - mydate = now.format("yyyyMMdd_HHmmss"): null

2019-11-10 08:00:30 - [TEST_STEP][PASSED] - screenPath = "../Screenshots/": null

2019-11-10 08:00:30 - [TEST_STEP][PASSED] - screenPath = screenPath + deviceName + "/" + productLine + "/" + carrierName + "/" + mydate + "/": null

2019-11-10 08:00:30 - [TEST_STEP][PASSED] - println(screenPath): null

2019-11-10 08:00:30 - [MESSAGE][PASSED] - Call Test Case 'Test Cases/mobileWeb/_include/get_screenPath' successfully

2019-11-10 08:00:30 - [TEST_STEP][PASSED] - callTestCase(findTestCase("mobileWeb/_include/openWebSite"), [:], STOP_ON_FAILURE): Call Test Case 'Test Cases/mobileWeb/_include/openWebSite' successfully

2019-11-10 08:00:31 - [TEST_CASE][PASSED] - Test Cases/mobileWeb/_include/openWebSite: Test Cases/mobileWeb/_include/openWebSite

2019-11-10 08:00:31 - [TEST_STEP][PASSED] - openBrowser(env): Browser is opened with url: 'https://praetemptatus.agilehealthinsurance.com'

2019-11-10 08:00:32 - [MESSAGE][INFO] - Starting 'Chrome' driver

2019-11-10 08:00:32 - [MESSAGE][INFO] - User set preference: ['mobileEmulation', '{deviceName=iPhone 6}']

2019-11-10 08:00:32 - [MESSAGE][INFO] - User set preference: ['args', '[--incognito, --aggressive-cache-discard, --window-size=375,677, --no-sandbox]']

2019-11-10 08:00:32 - [MESSAGE][INFO] - Action delay is set to 0 seconds

2019-11-10 08:00:40 - [MESSAGE][PASSED] - Browser is opened with url: 'https://praetemptatus.agilehealthinsurance.com'

2019-11-10 08:00:40 - [TEST_STEP][PASSED] - waitForPageLoad(20): Wait for page load successfully

2019-11-10 08:00:42 - [MESSAGE][PASSED] - Wait for page load successfully

2019-11-10 08:00:42 - [TEST_STEP][PASSED] - callTestCase(findTestCase("mobileWeb/_include/get_screenshot"), [:], STOP_ON_FAILURE): Call Test Case 'Test Cases/mobileWeb/_include/get_screenshot' successfully

2019-11-10 08:00:43 - [TEST_CASE][PASSED] - Test Cases/mobileWeb/_include/get_screenshot: Test Cases/mobileWeb/_include/get_screenshot

2019-11-10 08:00:43 - [TEST_STEP][PASSED] - takeScreenshot(screenPath + i + ".png"): Taking screenshot successfully

2019-11-10 08:00:44 - [MESSAGE][PASSED] - Taking screenshot successfully
[[ATTACHMENT|D:\\Test\\AgileTest\\Reports\\mobileWeb\\dental\\20191110_080024\\../Screenshots/iPhone 6/dental/National General/20191110_080030/0.png]]

2019-11-10 08:00:44 - [TEST_STEP][PASSED] - (internal.GlobalVariable.i++): null

2019-11-10 08:00:44 - [MESSAGE][PASSED] - Call Test Case 'Test Cases/mobileWeb/_include/get_screenshot' successfully

2019-11-10 08:00:44 - [MESSAGE][PASSED] - Call Test Case 'Test Cases/mobileWeb/_include/openWebSite' successfully

2019-11-10 08:00:44 - [TEST_STEP][PASSED] - callTestCase(findTestCase("mobileWeb/_include/census_dental"), ["zipcode":zipcode, "dob":"12/12/1980"], STOP_ON_FAILURE): Call Test Case 'Test Cases/mobileWeb/_include/census_dental' successfully

2019-11-10 08:00:44 - [TEST_CASE][PASSED] - Test Cases/mobileWeb/_include/census_dental: Test Cases/mobileWeb/_include/census_dental

2019-11-10 08:00:45 - [TEST_STEP][PASSED] - click(findTestObject("mobileSanity/Common/side_nav/menu")): Object: 'Object Repository/mobileSanity/Common/side_nav/menu' is clicked on

2019-11-10 08:00:46 - [MESSAGE][PASSED] - Object: 'Object Repository/mobileSanity/Common/side_nav/menu' is clicked on

2019-11-10 08:00:46 - [TEST_STEP][PASSED] - Thread.sleep(3000): null

2019-11-10 08:00:49 - [TEST_STEP][PASSED] - callTestCase(findTestCase("mobileWeb/_include/get_screenshot"), [:], STOP_ON_FAILURE): Call Test Case 'Test Cases/mobileWeb/_include/get_screenshot' successfully

2019-11-10 08:00:49 - [TEST_CASE][PASSED] - Test Cases/mobileWeb/_include/get_screenshot: Test Cases/mobileWeb/_include/get_screenshot

2019-11-10 08:00:49 - [TEST_STEP][PASSED] - takeScreenshot(screenPath + i + ".png"): Taking screenshot successfully

2019-11-10 08:00:49 - [MESSAGE][PASSED] - Taking screenshot successfully
[[ATTACHMENT|D:\\Test\\AgileTest\\Reports\\mobileWeb\\dental\\20191110_080024\\../Screenshots/iPhone 6/dental/National General/20191110_080030/1.png]]

2019-11-10 08:00:49 - [TEST_STEP][PASSED] - (internal.GlobalVariable.i++): null

2019-11-10 08:00:49 - [MESSAGE][PASSED] - Call Test Case 'Test Cases/mobileWeb/_include/get_screenshot' successfully

2019-11-10 08:00:49 - [TEST_STEP][PASSED] - click(findTestObject("mobileSanity/Common/side_nav/nav_dental")): Object: 'Object Repository/mobileSanity/Common/side_nav/nav_dental' is clicked on

2019-11-10 08:00:50 - [MESSAGE][PASSED] - Object: 'Object Repository/mobileSanity/Common/side_nav/nav_dental' is clicked on

2019-11-10 08:00:50 - [TEST_STEP][PASSED] - waitForPageLoad(10): Wait for page load successfully

2019-11-10 08:00:50 - [MESSAGE][PASSED] - Wait for page load successfully

2019-11-10 08:00:50 - [TEST_STEP][PASSED] - callTestCase(findTestCase("mobileWeb/_include/get_screenshot"), [:], STOP_ON_FAILURE): Call Test Case 'Test Cases/mobileWeb/_include/get_screenshot' successfully

2019-11-10 08:00:50 - [TEST_CASE][PASSED] - Test Cases/mobileWeb/_include/get_screenshot: Test Cases/mobileWeb/_include/get_screenshot

2019-11-10 08:00:50 - [TEST_STEP][PASSED] - takeScreenshot(screenPath + i + ".png"): Taking screenshot successfully

2019-11-10 08:00:51 - [MESSAGE][PASSED] - Taking screenshot successfully
[[ATTACHMENT|D:\\Test\\AgileTest\\Reports\\mobileWeb\\dental\\20191110_080024\\../Screenshots/iPhone 6/dental/National General/20191110_080030/2.png]]

2019-11-10 08:00:51 - [TEST_STEP][PASSED] - (internal.GlobalVariable.i++): null

2019-11-10 08:00:51 - [MESSAGE][PASSED] - Call Test Case 'Test Cases/mobileWeb/_include/get_screenshot' successfully

2019-11-10 08:00:51 - [TEST_STEP][PASSED] - sendKeys(findTestObject("mobileSanity/Dental/census/input_Location_zip-input"), zipcode): Keys '35215' sent to object: 'Object Repository/mobileSanity/Dental/census/input_Location_zip-input'

2019-11-10 08:00:51 - [MESSAGE][PASSED] - Keys '35215' sent to object: 'Object Repository/mobileSanity/Dental/census/input_Location_zip-input'

2019-11-10 08:00:51 - [TEST_STEP][PASSED] - Thread.sleep(500): null

2019-11-10 08:00:51 - [TEST_STEP][PASSED] - setText(findTestObject("mobileSanity/Dental/census/input_Date of Birth_dob-0"), "12121980"): Text '12121980' is set on object 'Object Repository/mobileSanity/Dental/census/input_Date of Birth_dob-0'

2019-11-10 08:00:51 - [MESSAGE][PASSED] - Text '12121980' is set on object 'Object Repository/mobileSanity/Dental/census/input_Date of Birth_dob-0'

2019-11-10 08:00:51 - [TEST_STEP][PASSED] - click(findTestObject("mobileSanity/Dental/census/label_Male")): Object: 'Object Repository/mobileSanity/Dental/census/label_Male' is clicked on

2019-11-10 08:00:52 - [MESSAGE][PASSED] - Object: 'Object Repository/mobileSanity/Dental/census/label_Male' is clicked on

2019-11-10 08:00:52 - [TEST_STEP][PASSED] - click(findTestObject("mobileSanity/Dental/census/label_Compare Dental Insurance")): Object: 'Object Repository/mobileSanity/Dental/census/label_Compare Dental Insurance' is clicked on

2019-11-10 08:00:53 - [MESSAGE][PASSED] - Object: 'Object Repository/mobileSanity/Dental/census/label_Compare Dental Insurance' is clicked on

2019-11-10 08:00:53 - [TEST_STEP][PASSED] - waitForPageLoad(10): Wait for page load successfully

2019-11-10 08:00:53 - [MESSAGE][PASSED] - Wait for page load successfully

2019-11-10 08:00:53 - [TEST_STEP][PASSED] - Thread.sleep(2000): null

2019-11-10 08:00:55 - [TEST_STEP][PASSED] - callTestCase(findTestCase("mobileWeb/_include/get_screenshot"), [:], STOP_ON_FAILURE): Call Test Case 'Test Cases/mobileWeb/_include/get_screenshot' successfully

2019-11-10 08:00:55 - [TEST_CASE][PASSED] - Test Cases/mobileWeb/_include/get_screenshot: Test Cases/mobileWeb/_include/get_screenshot

2019-11-10 08:00:55 - [TEST_STEP][PASSED] - takeScreenshot(screenPath + i + ".png"): Taking screenshot successfully

2019-11-10 08:00:56 - [MESSAGE][PASSED] - Taking screenshot successfully
[[ATTACHMENT|D:\\Test\\AgileTest\\Reports\\mobileWeb\\dental\\20191110_080024\\../Screenshots/iPhone 6/dental/National General/20191110_080030/3.png]]

2019-11-10 08:00:56 - [TEST_STEP][PASSED] - (internal.GlobalVariable.i++): null

2019-11-10 08:00:56 - [MESSAGE][PASSED] - Call Test Case 'Test Cases/mobileWeb/_include/get_screenshot' successfully

2019-11-10 08:00:56 - [MESSAGE][PASSED] - Call Test Case 'Test Cases/mobileWeb/_include/census_dental' successfully

2019-11-10 08:00:56 - [TEST_STEP][PASSED] - click(findTestObject("mobileSanity/Dental/filter/btn_filter")): Object: 'Object Repository/mobileSanity/Dental/filter/btn_filter' is clicked on

2019-11-10 08:00:56 - [MESSAGE][PASSED] - Object: 'Object Repository/mobileSanity/Dental/filter/btn_filter' is clicked on

2019-11-10 08:00:56 - [TEST_STEP][PASSED] - waitForElementVisible(findTestObject("mobileSanity/Dental/filter/btn_company"), 10): Object 'Object Repository/mobileSanity/Dental/filter/btn_company' is visible

2019-11-10 08:00:56 - [MESSAGE][PASSED] - Object 'Object Repository/mobileSanity/Dental/filter/btn_company' is visible

2019-11-10 08:00:56 - [TEST_STEP][PASSED] - click(findTestObject("mobileSanity/Dental/filter/btn_company")): Object: 'Object Repository/mobileSanity/Dental/filter/btn_company' is clicked on

2019-11-10 08:00:56 - [MESSAGE][PASSED] - Object: 'Object Repository/mobileSanity/Dental/filter/btn_company' is clicked on

2019-11-10 08:00:56 - [TEST_STEP][PASSED] - Thread.sleep(2000): null

2019-11-10 08:00:58 - [TEST_STEP][PASSED] - click(findTestObject("mobileSanity/Dental/filter/btn_ng")): Object: 'Object Repository/mobileSanity/Dental/filter/btn_ng' is clicked on

2019-11-10 08:00:58 - [MESSAGE][PASSED] - Object: 'Object Repository/mobileSanity/Dental/filter/btn_ng' is clicked on

2019-11-10 08:00:58 - [TEST_STEP][PASSED] - waitForJQueryLoad(20, STOP_ON_FAILURE): jQuery is ready.

2019-11-10 08:00:59 - [MESSAGE][PASSED] - jQuery is ready.

2019-11-10 08:00:59 - [TEST_STEP][PASSED] - callTestCase(findTestCase("mobileWeb/_include/get_screenshot"), [:], STOP_ON_FAILURE): Call Test Case 'Test Cases/mobileWeb/_include/get_screenshot' successfully

2019-11-10 08:00:59 - [TEST_CASE][PASSED] - Test Cases/mobileWeb/_include/get_screenshot: Test Cases/mobileWeb/_include/get_screenshot

2019-11-10 08:00:59 - [TEST_STEP][PASSED] - takeScreenshot(screenPath + i + ".png"): Taking screenshot successfully

2019-11-10 08:00:59 - [MESSAGE][PASSED] - Taking screenshot successfully
[[ATTACHMENT|D:\\Test\\AgileTest\\Reports\\mobileWeb\\dental\\20191110_080024\\../Screenshots/iPhone 6/dental/National General/20191110_080030/4.png]]

2019-11-10 08:00:59 - [TEST_STEP][PASSED] - (internal.GlobalVariable.i++): null

2019-11-10 08:00:59 - [MESSAGE][PASSED] - Call Test Case 'Test Cases/mobileWeb/_include/get_screenshot' successfully

2019-11-10 08:00:59 - [TEST_STEP][PASSED] - click(findTestObject("mobileSanity/Dental/filter/btn_filter")): Object: 'Object Repository/mobileSanity/Dental/filter/btn_filter' is clicked on

2019-11-10 08:00:59 - [MESSAGE][PASSED] - Object: 'Object Repository/mobileSanity/Dental/filter/btn_filter' is clicked on

2019-11-10 08:00:59 - [TEST_STEP][FAILED] - click(findTestObject("mobileSanity/Dental/quote/a_Select This Plan")): Unable to click on object 'Object Repository/mobileSanity/Dental/quote/a_Select This Plan' (Root cause: org.openqa.selenium.WebDriverException: unknown error: Element <a href="/dental-insurance/apply/nationalgeneral-dental-essentials-al" class="js-buy-plan quote-plan-buy">...</a> is not clickable at point (187, 645). Other element would receive the click: <iframe src="https://secure.livechatinc.com/licence/11465608/v2/open_chat.cgi?license=11465608&amp;group=0&amp;embedded=1&amp;widget_version=3&amp;unique_groups=0" allowtransparency="true" allow="autoplay" id="chat-widget" name="chat-widget" scrolling="no" role="application" aria-label="LiveChat chat widget" style="width: 100%; height: 100%; min-height: 0px; min-width: 0px; margin: 0px; padding: 0px; background-image: none; background-position: 0% 0%; background-size: initial; background-attachment: scroll; background-origin: initial; background-clip: initial; background-color: rgba(0, 0, 0, 0); border-width: 0px; float: none; position: absolute; top: 0px; left: 0px; bottom: 0px; right: 0px; transition: none 0s ease 0s !important;"></iframe>
  (Session info: chrome=78.0.3904.70)
  (Driver info: chromedriver=2.43.600210 (68dcf5eebde37173d4027fa8635e332711d2874a),platform=Windows NT 6.3.9600 x86_64) (WARNING: The server did not provide any stacktrace information)
Command duration or timeout: 0 milliseconds
Build info: version: '3.7.1', revision: '8a0099a', time: '2017-11-06T21:07:36.161Z'
System info: host: 'WIN-U215233FMVE', ip: '172.30.0.53', os.name: 'Windows Server 2012 R2', os.arch: 'amd64', os.version: '6.3', java.version: '1.8.0_181'
Driver info: com.kms.katalon.selenium.driver.CChromeDriver
Capabilities {acceptInsecureCerts: false, acceptSslCerts: false, applicationCacheEnabled: false, browserConnectionEnabled: false, browserName: chrome, chrome: {chromedriverVersion: 2.43.600210 (68dcf5eebde371..., userDataDir: C:\Users\ADMINI~1\AppData\L...}, cssSelectorsEnabled: true, databaseEnabled: false, goog:chromeOptions: {debuggerAddress: localhost:62757}, handlesAlerts: true, hasTouchScreen: true, javascriptEnabled: true, locationContextEnabled: true, mobileEmulationEnabled: true, nativeEvents: true, networkConnectionEnabled: false, pageLoadStrategy: normal, platform: XP, platformName: XP, rotatable: false, setWindowRect: true, takesHeapSnapshot: true, takesScreenshot: true, unexpectedAlertBehaviour: , unhandledPromptBehavior: , version: 78.0.3904.70, webStorageEnabled: true}
Session ID: d5f1651f4fc4dc08c39b89898eda4f80)

2019-11-10 08:01:00 - [MESSAGE][FAILED] - Unable to click on object 'Object Repository/mobileSanity/Dental/quote/a_Select This Plan' (Root cause: org.openqa.selenium.WebDriverException: unknown error: Element <a href="/dental-insurance/apply/nationalgeneral-dental-essentials-al" class="js-buy-plan quote-plan-buy">...</a> is not clickable at point (187, 645). Other element would receive the click: <iframe src="https://secure.livechatinc.com/licence/11465608/v2/open_chat.cgi?license=11465608&amp;group=0&amp;embedded=1&amp;widget_version=3&amp;unique_groups=0" allowtransparency="true" allow="autoplay" id="chat-widget" name="chat-widget" scrolling="no" role="application" aria-label="LiveChat chat widget" style="width: 100%; height: 100%; min-height: 0px; min-width: 0px; margin: 0px; padding: 0px; background-image: none; background-position: 0% 0%; background-size: initial; background-attachment: scroll; background-origin: initial; background-clip: initial; background-color: rgba(0, 0, 0, 0); border-width: 0px; float: none; position: absolute; top: 0px; left: 0px; bottom: 0px; right: 0px; transition: none 0s ease 0s !important;"></iframe>
  (Session info: chrome=78.0.3904.70)
  (Driver info: chromedriver=2.43.600210 (68dcf5eebde37173d4027fa8635e332711d2874a),platform=Windows NT 6.3.9600 x86_64) (WARNING: The server did not provide any stacktrace information)
Command duration or timeout: 0 milliseconds
Build info: version: '3.7.1', revision: '8a0099a', time: '2017-11-06T21:07:36.161Z'
System info: host: 'WIN-U215233FMVE', ip: '172.30.0.53', os.name: 'Windows Server 2012 R2', os.arch: 'amd64', os.version: '6.3', java.version: '1.8.0_181'
Driver info: com.kms.katalon.selenium.driver.CChromeDriver
Capabilities {acceptInsecureCerts: false, acceptSslCerts: false, applicationCacheEnabled: false, browserConnectionEnabled: false, browserName: chrome, chrome: {chromedriverVersion: 2.43.600210 (68dcf5eebde371..., userDataDir: C:\Users\ADMINI~1\AppData\L...}, cssSelectorsEnabled: true, databaseEnabled: false, goog:chromeOptions: {debuggerAddress: localhost:62757}, handlesAlerts: true, hasTouchScreen: true, javascriptEnabled: true, locationContextEnabled: true, mobileEmulationEnabled: true, nativeEvents: true, networkConnectionEnabled: false, pageLoadStrategy: normal, platform: XP, platformName: XP, rotatable: false, setWindowRect: true, takesHeapSnapshot: true, takesScreenshot: true, unexpectedAlertBehaviour: , unhandledPromptBehavior: , version: 78.0.3904.70, webStorageEnabled: true}
Session ID: d5f1651f4fc4dc08c39b89898eda4f80)
[[ATTACHMENT|D:\\Test\\AgileTest\\Reports\\mobileWeb\\dental\\20191110_080024\\1573390860021.png]]

2019-11-10 08:01:00 - [TEST_STEP][PASSED] - waitForPageLoad(10): Wait for page load successfully

2019-11-10 08:01:00 - [MESSAGE][PASSED] - Wait for page load successfully

2019-11-10 08:01:00 - [TEST_STEP][PASSED] - callTestCase(findTestCase("mobileWeb/_include/get_screenshot"), [:], STOP_ON_FAILURE): Call Test Case 'Test Cases/mobileWeb/_include/get_screenshot' successfully

2019-11-10 08:01:00 - [TEST_CASE][PASSED] - Test Cases/mobileWeb/_include/get_screenshot: Test Cases/mobileWeb/_include/get_screenshot

2019-11-10 08:01:00 - [TEST_STEP][PASSED] - takeScreenshot(screenPath + i + ".png"): Taking screenshot successfully

2019-11-10 08:01:00 - [MESSAGE][PASSED] - Taking screenshot successfully
[[ATTACHMENT|D:\\Test\\AgileTest\\Reports\\mobileWeb\\dental\\20191110_080024\\../Screenshots/iPhone 6/dental/National General/20191110_080030/5.png]]

2019-11-10 08:01:00 - [TEST_STEP][PASSED] - (internal.GlobalVariable.i++): null

2019-11-10 08:01:00 - [MESSAGE][PASSED] - Call Test Case 'Test Cases/mobileWeb/_include/get_screenshot' successfully

2019-11-10 08:01:00 - [TEST_STEP][FAILED] - click(findTestObject("mobileSanity/Dental/apply/span_Start Secure Application")): Unable to click on object 'Object Repository/mobileSanity/Dental/apply/span_Start Secure Application' (Root cause: com.kms.katalon.core.webui.exception.WebElementNotFoundException: Web element with id: 'Object Repository/mobileSanity/Dental/apply/span_Start Secure Application' located by 'By.xpath: //span[(text() = 'Start Secure Application' or . = 'Start Secure Application')]' not found)

2019-11-10 08:01:21 - [MESSAGE][INFO] - Unable to find the element located by 'By.xpath: //span[(text() = 'Start Secure Application' or . = 'Start Secure Application')]'. Please recheck the objects properties to make sure the desired element is located. 

2019-11-10 08:01:21 - [MESSAGE][FAILED] - Unable to click on object 'Object Repository/mobileSanity/Dental/apply/span_Start Secure Application' (Root cause: com.kms.katalon.core.webui.exception.WebElementNotFoundException: Web element with id: 'Object Repository/mobileSanity/Dental/apply/span_Start Secure Application' located by 'By.xpath: //span[(text() = 'Start Secure Application' or . = 'Start Secure Application')]' not found)
[[ATTACHMENT|D:\\Test\\AgileTest\\Reports\\mobileWeb\\dental\\20191110_080024\\1573390881382.png]]

2019-11-10 08:01:21 - [TEST_STEP][PASSED] - waitForPageLoad(10): Wait for page load successfully

2019-11-10 08:01:21 - [MESSAGE][PASSED] - Wait for page load successfully

2019-11-10 08:01:21 - [TEST_STEP][PASSED] - Thread.sleep(2000): null

2019-11-10 08:01:23 - [TEST_STEP][PASSED] - callTestCase(findTestCase("mobileWeb/_include/get_screenshot"), [:], STOP_ON_FAILURE): Call Test Case 'Test Cases/mobileWeb/_include/get_screenshot' successfully

2019-11-10 08:01:23 - [TEST_CASE][PASSED] - Test Cases/mobileWeb/_include/get_screenshot: Test Cases/mobileWeb/_include/get_screenshot

2019-11-10 08:01:23 - [TEST_STEP][PASSED] - takeScreenshot(screenPath + i + ".png"): Taking screenshot successfully

2019-11-10 08:01:24 - [MESSAGE][PASSED] - Taking screenshot successfully
[[ATTACHMENT|D:\\Test\\AgileTest\\Reports\\mobileWeb\\dental\\20191110_080024\\../Screenshots/iPhone 6/dental/National General/20191110_080030/6.png]]

2019-11-10 08:01:24 - [TEST_STEP][PASSED] - (internal.GlobalVariable.i++): null

2019-11-10 08:01:24 - [MESSAGE][PASSED] - Call Test Case 'Test Cases/mobileWeb/_include/get_screenshot' successfully

2019-11-10 08:01:24 - [TEST_STEP][FAILED] - callTestCase(findTestCase("mobileWeb/_include/goToEnd_dental"), ["carrier":"nationalgeneral"], CONTINUE_ON_FAILURE): callTestCase(findTestCase("mobileWeb/_include/goToEnd_dental"), ["carrier":"nationalgeneral"], CONTINUE_ON_FAILURE) FAILED.
Reason:
com.kms.katalon.core.exception.StepFailedException: Unable to click on object 'Object Repository/mobileSanity/Dental/quote/a_Select This Plan' (Root cause: org.openqa.selenium.WebDriverException: unknown error: Element <a href="/dental-insurance/apply/nationalgeneral-dental-essentials-al" class="js-buy-plan quote-plan-buy">...</a> is not clickable at point (187, 645). Other element would receive the click: <iframe src="https://secure.livechatinc.com/licence/11465608/v2/open_chat.cgi?license=11465608&amp;group=0&amp;embedded=1&amp;widget_version=3&amp;unique_groups=0" allowtransparency="true" allow="autoplay" id="chat-widget" name="chat-widget" scrolling="no" role="application" aria-label="LiveChat chat widget" style="width: 100%; height: 100%; min-height: 0px; min-width: 0px; margin: 0px; padding: 0px; background-image: none; background-position: 0% 0%; background-size: initial; background-attachment: scroll; background-origin: initial; background-clip: initial; background-color: rgba(0, 0, 0, 0); border-width: 0px; float: none; position: absolute; top: 0px; left: 0px; bottom: 0px; right: 0px; transition: none 0s ease 0s !important;"></iframe>
  (Session info: chrome=78.0.3904.70)
  (Driver info: chromedriver=2.43.600210 (68dcf5eebde37173d4027fa8635e332711d2874a),platform=Windows NT 6.3.9600 x86_64) (WARNING: The server did not provide any stacktrace information)
Command duration or timeout: 0 milliseconds
Build info: version: '3.7.1', revision: '8a0099a', time: '2017-11-06T21:07:36.161Z'
System info: host: 'WIN-U215233FMVE', ip: '172.30.0.53', os.name: 'Windows Server 2012 R2', os.arch: 'amd64', os.version: '6.3', java.version: '1.8.0_181'
Driver info: com.kms.katalon.selenium.driver.CChromeDriver
Capabilities {acceptInsecureCerts: false, acceptSslCerts: false, applicationCacheEnabled: false, browserConnectionEnabled: false, browserName: chrome, chrome: {chromedriverVersion: 2.43.600210 (68dcf5eebde371..., userDataDir: C:\Users\ADMINI~1\AppData\L...}, cssSelectorsEnabled: true, databaseEnabled: false, goog:chromeOptions: {debuggerAddress: localhost:62757}, handlesAlerts: true, hasTouchScreen: true, javascriptEnabled: true, locationContextEnabled: true, mobileEmulationEnabled: true, nativeEvents: true, networkConnectionEnabled: false, pageLoadStrategy: normal, platform: XP, platformName: XP, rotatable: false, setWindowRect: true, takesHeapSnapshot: true, takesScreenshot: true, unexpectedAlertBehaviour: , unhandledPromptBehavior: , version: 78.0.3904.70, webStorageEnabled: true}
Session ID: d5f1651f4fc4dc08c39b89898eda4f80)
	at com.kms.katalon.core.keyword.internal.KeywordMain.stepFailed(KeywordMain.groovy:32)
	at com.kms.katalon.core.webui.keyword.internal.WebUIKeywordMain.stepFailed(WebUIKeywordMain.groovy:65)
	at com.kms.katalon.core.webui.keyword.internal.WebUIKeywordMain.runKeyword(WebUIKeywordMain.groovy:27)
	at com.kms.katalon.core.webui.keyword.builtin.ClickKeyword.click(ClickKeyword.groovy:86)
	at com.kms.katalon.core.webui.keyword.builtin.ClickKeyword.execute(ClickKeyword.groovy:67)
	at com.kms.katalon.core.keyword.internal.KeywordExecutor.executeKeywordForPlatform(KeywordExecutor.groovy:53)
	at com.kms.katalon.core.webui.keyword.WebUiBuiltInKeywords.click(WebUiBuiltInKeywords.groovy:616)
	at com.kms.katalon.core.webui.keyword.WebUiBuiltInKeywords$click$2.call(Unknown Source)
	at National General.run(National General:40)
	at com.kms.katalon.core.main.ScriptEngine.run(ScriptEngine.java:194)
	at com.kms.katalon.core.main.ScriptEngine.runScriptAsRawText(ScriptEngine.java:119)
	at com.kms.katalon.core.main.TestCaseExecutor.runScript(TestCaseExecutor.java:328)
	at com.kms.katalon.core.main.TestCaseExecutor.doExecute(TestCaseExecutor.java:319)
	at com.kms.katalon.core.main.TestCaseExecutor.processExecutionPhase(TestCaseExecutor.java:298)
	at com.kms.katalon.core.main.TestCaseExecutor.accessMainPhase(TestCaseExecutor.java:290)
	at com.kms.katalon.core.main.TestCaseExecutor.execute(TestCaseExecutor.java:224)
	at com.kms.katalon.core.main.TestSuiteExecutor.accessTestCaseMainPhase(TestSuiteExecutor.java:129)
	at com.kms.katalon.core.main.TestSuiteExecutor.accessTestSuiteMainPhase(TestSuiteExecutor.java:112)
	at com.kms.katalon.core.main.TestSuiteExecutor.execute(TestSuiteExecutor.java:81)
	at com.kms.katalon.core.main.TestCaseMain.startTestSuite(TestCaseMain.java:149)
	at com.kms.katalon.core.main.TestCaseMain$startTestSuite$0.call(Unknown Source)
	at TempTestSuite1573390824681.run(TempTestSuite1573390824681.groovy:36)


2019-11-10 08:01:24 - [TEST_CASE][FAILED] - Test Cases/mobileWeb/_include/goToEnd_dental: Test Cases/mobileWeb/_include/goToEnd_dental FAILED.
Reason:
com.kms.katalon.core.exception.StepFailedException: Unable to set text 'Test-123' of object 'Object Repository/mobileSanity/Dental/app_page1/input__member-P-1-firstName' (Root cause: com.kms.katalon.core.webui.exception.WebElementNotFoundException: Web element with id: 'Object Repository/mobileSanity/Dental/app_page1/input__member-P-1-firstName' located by 'By.xpath: //input[@id = 'member-P-1-firstName' and @type = 'text']' not found)
	at com.kms.katalon.core.keyword.internal.KeywordMain.stepFailed(KeywordMain.groovy:32)
	at com.kms.katalon.core.webui.keyword.internal.WebUIKeywordMain.stepFailed(WebUIKeywordMain.groovy:65)
	at com.kms.katalon.core.webui.keyword.internal.WebUIKeywordMain.runKeyword(WebUIKeywordMain.groovy:27)
	at com.kms.katalon.core.webui.keyword.builtin.SetTextKeyword.setText(SetTextKeyword.groovy:65)
	at com.kms.katalon.core.webui.keyword.builtin.SetTextKeyword.execute(SetTextKeyword.groovy:37)
	at com.kms.katalon.core.keyword.internal.KeywordExecutor.executeKeywordForPlatform(KeywordExecutor.groovy:53)
	at com.kms.katalon.core.webui.keyword.WebUiBuiltInKeywords.setText(WebUiBuiltInKeywords.groovy:950)
	at com.kms.katalon.core.webui.keyword.WebUiBuiltInKeywords$setText$4.call(Unknown Source)
	at goToEnd_dental.run(goToEnd_dental:20)
	at com.kms.katalon.core.main.ScriptEngine.run(ScriptEngine.java:194)
	at com.kms.katalon.core.main.ScriptEngine.runScriptAsRawText(ScriptEngine.java:119)
	at com.kms.katalon.core.main.TestCaseExecutor.runScript(TestCaseExecutor.java:328)
	at com.kms.katalon.core.main.TestCaseExecutor.doExecute(TestCaseExecutor.java:319)
	at com.kms.katalon.core.main.TestCaseExecutor.processExecutionPhase(TestCaseExecutor.java:298)
	at com.kms.katalon.core.main.TestCaseExecutor.accessMainPhase(TestCaseExecutor.java:290)
	at com.kms.katalon.core.main.TestCaseExecutor.execute(TestCaseExecutor.java:224)
	at com.kms.katalon.core.main.TestCaseMain.runTestCase(TestCaseMain.java:106)
	at com.kms.katalon.core.keyword.builtin.CallTestCaseKeyword$_callTestCase_closure1.doCall(CallTestCaseKeyword.groovy:59)
	at com.kms.katalon.core.keyword.builtin.CallTestCaseKeyword$_callTestCase_closure1.call(CallTestCaseKeyword.groovy)
	at com.kms.katalon.core.keyword.internal.KeywordMain.runKeyword(KeywordMain.groovy:54)
	at com.kms.katalon.core.keyword.builtin.CallTestCaseKeyword.callTestCase(CallTestCaseKeyword.groovy:80)
	at com.kms.katalon.core.keyword.builtin.CallTestCaseKeyword.execute(CallTestCaseKeyword.groovy:44)
	at com.kms.katalon.core.keyword.internal.KeywordExecutor.executeKeywordForPlatform(KeywordExecutor.groovy:53)
	at com.kms.katalon.core.keyword.BuiltinKeywords.callTestCase(BuiltinKeywords.groovy:334)
	at National General.run(National General:54)
	at com.kms.katalon.core.main.ScriptEngine.run(ScriptEngine.java:194)
	at com.kms.katalon.core.main.ScriptEngine.runScriptAsRawText(ScriptEngine.java:119)
	at com.kms.katalon.core.main.TestCaseExecutor.runScript(TestCaseExecutor.java:328)
	at com.kms.katalon.core.main.TestCaseExecutor.doExecute(TestCaseExecutor.java:319)
	at com.kms.katalon.core.main.TestCaseExecutor.processExecutionPhase(TestCaseExecutor.java:298)
	at com.kms.katalon.core.main.TestCaseExecutor.accessMainPhase(TestCaseExecutor.java:290)
	at com.kms.katalon.core.main.TestCaseExecutor.execute(TestCaseExecutor.java:224)
	at com.kms.katalon.core.main.TestSuiteExecutor.accessTestCaseMainPhase(TestSuiteExecutor.java:129)
	at com.kms.katalon.core.main.TestSuiteExecutor.accessTestSuiteMainPhase(TestSuiteExecutor.java:112)
	at com.kms.katalon.core.main.TestSuiteExecutor.execute(TestSuiteExecutor.java:81)
	at com.kms.katalon.core.main.TestCaseMain.startTestSuite(TestCaseMain.java:149)
	at com.kms.katalon.core.main.TestCaseMain$startTestSuite$0.call(Unknown Source)
	at TempTestSuite1573390824681.run(TempTestSuite1573390824681.groovy:36)


2019-11-10 08:01:24 - [TEST_STEP][PASSED] - callTestCase(findTestCase("mobileWeb/_include/name"), [:], CONTINUE_ON_FAILURE): Call Test Case 'Test Cases/mobileWeb/_include/name' successfully

2019-11-10 08:01:24 - [TEST_CASE][PASSED] - Test Cases/mobileWeb/_include/name: Test Cases/mobileWeb/_include/name

2019-11-10 08:01:24 - [TEST_STEP][PASSED] - driver = getWebDriver(): null

2019-11-10 08:01:24 - [TEST_STEP][PASSED] - selenium = new com.thoughtworks.selenium.webdriven.WebDriverBackedSelenium(driver, internal.GlobalVariable.ENV): null

2019-11-10 08:01:24 - [TEST_STEP][PASSED] - FirstName = "Test-123": null

2019-11-10 08:01:24 - [TEST_STEP][PASSED] - LastName = selenium.getEval("{var x="ABCDEFGHIJKLMNOPQRSTUVWXYZabcdefghijklmnopqrstuvwxyz"; var tmp="ZZ11-"; for (i=0;i<8;i++) tmp+=x.charAt(Math.ceil(51*Math.random()));tmp;}"): null

2019-11-10 08:01:24 - [TEST_STEP][PASSED] - Address = selenium.getEval("{var x="ABCDEFGHIJKLMNOPQRSTUVWXYZabcdefghijklmnopqrstuvwxyz"; var tmp=""; for (i=0;i<8;i++) tmp+=x.charAt(Math.ceil(51*Math.random()));tmp;}"): null

2019-11-10 08:01:24 - [TEST_STEP][PASSED] - City = selenium.getEval("{var x="ABCDEFGHIJKLMNOPQRSTUVWXYZabcdefghijklmnopqrstuvwxyz"; var tmp=""; for (i=0;i<8;i++) tmp+=x.charAt(Math.ceil(51*Math.random()));tmp;}"): null

2019-11-10 08:01:24 - [TEST_STEP][PASSED] - tel1 = selenium.getEval("{var x="123456789"; var tmp=""; for (i=0;i<3;i++) tmp+=x.charAt(Math.ceil(8*Math.random()));tmp;}"): null

2019-11-10 08:01:24 - [TEST_STEP][PASSED] - tel2 = selenium.getEval("{var x="123456789"; var tmp=""; for (i=0;i<3;i++) tmp+=x.charAt(Math.ceil(8*Math.random()));tmp;}"): null

2019-11-10 08:01:24 - [TEST_STEP][PASSED] - tel3 = selenium.getEval("{var x="123456789"; var tmp=""; for (i=0;i<4;i++) tmp+=x.charAt(Math.ceil(8*Math.random()));tmp;}"): null

2019-11-10 08:01:24 - [TEST_STEP][PASSED] - Tel = selenium.getExpression(tel1 + "-" + tel2 + "-" + tel3): null

2019-11-10 08:01:24 - [TEST_STEP][PASSED] - AutoEmail = selenium.getEval("{var x="ABCDEFGHIJKLMNOPQRSTUVWXYZabcdefghijklmnopqrstuvwxyz"; var tmp="test."; for (i=0;i<8;i++) tmp+=x.charAt(Math.ceil(51*Math.random()));tmp+="@suryani.cn";}"): null

2019-11-10 08:01:25 - [TEST_STEP][PASSED] - FirstName = FirstName: null

2019-11-10 08:01:25 - [TEST_STEP][PASSED] - LastName = LastName: null

2019-11-10 08:01:25 - [TEST_STEP][PASSED] - Address = Address: null

2019-11-10 08:01:25 - [TEST_STEP][PASSED] - City = City: null

2019-11-10 08:01:25 - [TEST_STEP][PASSED] - Tel = Tel: null

2019-11-10 08:01:25 - [TEST_STEP][PASSED] - AutoEmail = AutoEmail: null

2019-11-10 08:01:25 - [TEST_STEP][PASSED] - println(FirstName): null

2019-11-10 08:01:25 - [TEST_STEP][PASSED] - println(LastName): null

2019-11-10 08:01:25 - [TEST_STEP][PASSED] - println(Address): null

2019-11-10 08:01:25 - [TEST_STEP][PASSED] - println(City): null

2019-11-10 08:01:25 - [TEST_STEP][PASSED] - println(Tel): null

2019-11-10 08:01:25 - [TEST_STEP][PASSED] - println(AutoEmail): null

2019-11-10 08:01:25 - [MESSAGE][PASSED] - Call Test Case 'Test Cases/mobileWeb/_include/name' successfully

2019-11-10 08:01:25 - [TEST_STEP][PASSED] - Thread.sleep(3000): null

2019-11-10 08:01:28 - [TEST_STEP][FAILED] - setText(findTestObject("mobileSanity/Dental/app_page1/input__member-P-1-firstName"), FirstName): Unable to set text 'Test-123' of object 'Object Repository/mobileSanity/Dental/app_page1/input__member-P-1-firstName' (Root cause: com.kms.katalon.core.webui.exception.WebElementNotFoundException: Web element with id: 'Object Repository/mobileSanity/Dental/app_page1/input__member-P-1-firstName' located by 'By.xpath: //input[@id = 'member-P-1-firstName' and @type = 'text']' not found)

2019-11-10 08:01:48 - [MESSAGE][INFO] - Unable to find the element located by 'By.xpath: //input[@id = 'member-P-1-firstName' and @type = 'text']'. Please recheck the objects properties to make sure the desired element is located. 

2019-11-10 08:01:48 - [MESSAGE][FAILED] - Unable to set text 'Test-123' of object 'Object Repository/mobileSanity/Dental/app_page1/input__member-P-1-firstName' (Root cause: com.kms.katalon.core.webui.exception.WebElementNotFoundException: Web element with id: 'Object Repository/mobileSanity/Dental/app_page1/input__member-P-1-firstName' located by 'By.xpath: //input[@id = 'member-P-1-firstName' and @type = 'text']' not found)
[[ATTACHMENT|D:\\Test\\AgileTest\\Reports\\mobileWeb\\dental\\20191110_080024\\1573390908459.png]]

2019-11-10 08:01:48 - [TEST_STEP][FAILED] - setText(findTestObject("mobileSanity/Dental/app_page1/input__member-P-1-lastName"), LastName): Unable to set text 'ZZ11-ayDYmJBx' of object 'Object Repository/mobileSanity/Dental/app_page1/input__member-P-1-lastName' (Root cause: com.kms.katalon.core.webui.exception.WebElementNotFoundException: Web element with id: 'Object Repository/mobileSanity/Dental/app_page1/input__member-P-1-lastName' located by 'By.xpath: //input[@id = 'member-P-1-lastName' and @type = 'text']' not found)

2019-11-10 08:02:09 - [MESSAGE][INFO] - Unable to find the element located by 'By.xpath: //input[@id = 'member-P-1-lastName' and @type = 'text']'. Please recheck the objects properties to make sure the desired element is located. 

2019-11-10 08:02:09 - [MESSAGE][FAILED] - Unable to set text 'ZZ11-ayDYmJBx' of object 'Object Repository/mobileSanity/Dental/app_page1/input__member-P-1-lastName' (Root cause: com.kms.katalon.core.webui.exception.WebElementNotFoundException: Web element with id: 'Object Repository/mobileSanity/Dental/app_page1/input__member-P-1-lastName' located by 'By.xpath: //input[@id = 'member-P-1-lastName' and @type = 'text']' not found)
[[ATTACHMENT|D:\\Test\\AgileTest\\Reports\\mobileWeb\\dental\\20191110_080024\\1573390929268.png]]

2019-11-10 08:02:09 - [TEST_STEP][FAILED] - setText(findTestObject("mobileSanity/Dental/app_page1/input__address"), Address): Unable to set text 'rqpUVycg' of object 'Object Repository/mobileSanity/Dental/app_page1/input__address' (Root cause: com.kms.katalon.core.webui.exception.WebElementNotFoundException: Web element with id: 'Object Repository/mobileSanity/Dental/app_page1/input__address' located by 'By.xpath: //input[@type = 'text' and @id = 'address']' not found)

2019-11-10 08:02:30 - [MESSAGE][INFO] - Unable to find the element located by 'By.xpath: //input[@type = 'text' and @id = 'address']'. Please recheck the objects properties to make sure the desired element is located. 

2019-11-10 08:02:30 - [MESSAGE][FAILED] - Unable to set text 'rqpUVycg' of object 'Object Repository/mobileSanity/Dental/app_page1/input__address' (Root cause: com.kms.katalon.core.webui.exception.WebElementNotFoundException: Web element with id: 'Object Repository/mobileSanity/Dental/app_page1/input__address' located by 'By.xpath: //input[@type = 'text' and @id = 'address']' not found)
[[ATTACHMENT|D:\\Test\\AgileTest\\Reports\\mobileWeb\\dental\\20191110_080024\\1573390950141.png]]

2019-11-10 08:02:30 - [TEST_STEP][FAILED] - setText(findTestObject("mobileSanity/Dental/app_page1/input__city"), City): Unable to set text 'vJdQZaay' of object 'Object Repository/mobileSanity/Dental/app_page1/input__city' (Root cause: com.kms.katalon.core.webui.exception.WebElementNotFoundException: Web element with id: 'Object Repository/mobileSanity/Dental/app_page1/input__city' located by 'By.xpath: //input[@type = 'text' and @id = 'city']' not found)

2019-11-10 08:02:50 - [MESSAGE][INFO] - Unable to find the element located by 'By.xpath: //input[@type = 'text' and @id = 'city']'. Please recheck the objects properties to make sure the desired element is located. 

2019-11-10 08:02:51 - [MESSAGE][FAILED] - Unable to set text 'vJdQZaay' of object 'Object Repository/mobileSanity/Dental/app_page1/input__city' (Root cause: com.kms.katalon.core.webui.exception.WebElementNotFoundException: Web element with id: 'Object Repository/mobileSanity/Dental/app_page1/input__city' located by 'By.xpath: //input[@type = 'text' and @id = 'city']' not found)
[[ATTACHMENT|D:\\Test\\AgileTest\\Reports\\mobileWeb\\dental\\20191110_080024\\1573390970911.png]]

2019-11-10 08:02:51 - [TEST_STEP][FAILED] - setText(findTestObject("mobileSanity/Dental/app_page1/input__email"), AutoEmail): Unable to set text 'test.aRKFKUwK@suryani.cn' of object 'Object Repository/mobileSanity/Dental/app_page1/input__email' (Root cause: com.kms.katalon.core.webui.exception.WebElementNotFoundException: Web element with id: 'Object Repository/mobileSanity/Dental/app_page1/input__email' located by 'By.xpath: //input[@type = 'email' and @id = 'email']' not found)

2019-11-10 08:03:11 - [MESSAGE][INFO] - Unable to find the element located by 'By.xpath: //input[@type = 'email' and @id = 'email']'. Please recheck the objects properties to make sure the desired element is located. 

2019-11-10 08:03:12 - [MESSAGE][FAILED] - Unable to set text 'test.aRKFKUwK@suryani.cn' of object 'Object Repository/mobileSanity/Dental/app_page1/input__email' (Root cause: com.kms.katalon.core.webui.exception.WebElementNotFoundException: Web element with id: 'Object Repository/mobileSanity/Dental/app_page1/input__email' located by 'By.xpath: //input[@type = 'email' and @id = 'email']' not found)
[[ATTACHMENT|D:\\Test\\AgileTest\\Reports\\mobileWeb\\dental\\20191110_080024\\1573390991712.png]]

2019-11-10 08:03:12 - [TEST_STEP][FAILED] - setText(findTestObject("mobileSanity/Dental/app_page1/input_phone"), Tel): Unable to set text '542-376-4999' of object 'Object Repository/mobileSanity/Dental/app_page1/input_phone' (Root cause: com.kms.katalon.core.webui.exception.WebElementNotFoundException: Web element with id: 'Object Repository/mobileSanity/Dental/app_page1/input_phone' located by 'By.xpath: //input[@id = 'primaryPhone']' not found)

2019-11-10 08:03:32 - [MESSAGE][INFO] - Unable to find the element located by 'By.xpath: //input[@id = 'primaryPhone']'. Please recheck the objects properties to make sure the desired element is located. 

2019-11-10 08:03:32 - [MESSAGE][FAILED] - Unable to set text '542-376-4999' of object 'Object Repository/mobileSanity/Dental/app_page1/input_phone' (Root cause: com.kms.katalon.core.webui.exception.WebElementNotFoundException: Web element with id: 'Object Repository/mobileSanity/Dental/app_page1/input_phone' located by 'By.xpath: //input[@id = 'primaryPhone']' not found)
[[ATTACHMENT|D:\\Test\\AgileTest\\Reports\\mobileWeb\\dental\\20191110_080024\\1573391012524.png]]

2019-11-10 08:03:32 - [TEST_STEP][FAILED] - click(findTestObject("mobileSanity/Dental/app_page1/a_Continue to Step 2 - Payment")): Unable to click on object 'Object Repository/mobileSanity/Dental/app_page1/a_Continue to Step 2 - Payment' (Root cause: com.kms.katalon.core.webui.exception.WebElementNotFoundException: Web element with id: 'Object Repository/mobileSanity/Dental/app_page1/a_Continue to Step 2 - Payment' located by 'By.xpath: //a[@id = 'js-app-continue-link' and @type = 'submit']' not found)

2019-11-10 08:03:53 - [MESSAGE][INFO] - Unable to find the element located by 'By.xpath: //a[@id = 'js-app-continue-link' and @type = 'submit']'. Please recheck the objects properties to make sure the desired element is located. 

2019-11-10 08:03:53 - [MESSAGE][FAILED] - Unable to click on object 'Object Repository/mobileSanity/Dental/app_page1/a_Continue to Step 2 - Payment' (Root cause: com.kms.katalon.core.webui.exception.WebElementNotFoundException: Web element with id: 'Object Repository/mobileSanity/Dental/app_page1/a_Continue to Step 2 - Payment' located by 'By.xpath: //a[@id = 'js-app-continue-link' and @type = 'submit']' not found)
[[ATTACHMENT|D:\\Test\\AgileTest\\Reports\\mobileWeb\\dental\\20191110_080024\\1573391033293.png]]

2019-11-10 08:03:53 - [TEST_STEP][PASSED] - waitForPageLoad(10): Wait for page load successfully

2019-11-10 08:03:53 - [MESSAGE][PASSED] - Wait for page load successfully

2019-11-10 08:03:53 - [TEST_STEP][PASSED] - Thread.sleep(2000): null

2019-11-10 08:03:55 - [TEST_STEP][PASSED] - if (carrier == "usa"): null

2019-11-10 08:03:55 - [TEST_STEP][PASSED] - callTestCase(findTestCase("mobileWeb/_include/get_screenshot"), [:], STOP_ON_FAILURE): Call Test Case 'Test Cases/mobileWeb/_include/get_screenshot' successfully

2019-11-10 08:03:55 - [TEST_CASE][PASSED] - Test Cases/mobileWeb/_include/get_screenshot: Test Cases/mobileWeb/_include/get_screenshot

2019-11-10 08:03:55 - [TEST_STEP][PASSED] - takeScreenshot(screenPath + i + ".png"): Taking screenshot successfully

2019-11-10 08:03:56 - [MESSAGE][PASSED] - Taking screenshot successfully
[[ATTACHMENT|D:\\Test\\AgileTest\\Reports\\mobileWeb\\dental\\20191110_080024\\../Screenshots/iPhone 6/dental/National General/20191110_080030/7.png]]

2019-11-10 08:03:56 - [TEST_STEP][PASSED] - (internal.GlobalVariable.i++): null

2019-11-10 08:03:56 - [MESSAGE][PASSED] - Call Test Case 'Test Cases/mobileWeb/_include/get_screenshot' successfully

2019-11-10 08:03:56 - [TEST_STEP][FAILED] - setText(findTestObject("mobileSanity/Dental/app_page2/input__credit-card-first"), FirstName): Unable to set text 'Test-123' of object 'Object Repository/mobileSanity/Dental/app_page2/input__credit-card-first' (Root cause: com.kms.katalon.core.webui.exception.WebElementNotFoundException: Web element with id: 'Object Repository/mobileSanity/Dental/app_page2/input__credit-card-first' located by 'By.xpath: //input[@type = 'text' and @id = 'credit-card-first']' not found)

2019-11-10 08:04:16 - [MESSAGE][INFO] - Unable to find the element located by 'By.xpath: //input[@type = 'text' and @id = 'credit-card-first']'. Please recheck the objects properties to make sure the desired element is located. 

2019-11-10 08:04:16 - [MESSAGE][FAILED] - Unable to set text 'Test-123' of object 'Object Repository/mobileSanity/Dental/app_page2/input__credit-card-first' (Root cause: com.kms.katalon.core.webui.exception.WebElementNotFoundException: Web element with id: 'Object Repository/mobileSanity/Dental/app_page2/input__credit-card-first' located by 'By.xpath: //input[@type = 'text' and @id = 'credit-card-first']' not found)
[[ATTACHMENT|D:\\Test\\AgileTest\\Reports\\mobileWeb\\dental\\20191110_080024\\1573391056518.png]]

2019-11-10 08:04:16 - [TEST_STEP][FAILED] - setText(findTestObject("mobileSanity/Dental/app_page2/input__credit-card-last"), LastName): Unable to set text 'ZZ11-ayDYmJBx' of object 'Object Repository/mobileSanity/Dental/app_page2/input__credit-card-last' (Root cause: com.kms.katalon.core.webui.exception.WebElementNotFoundException: Web element with id: 'Object Repository/mobileSanity/Dental/app_page2/input__credit-card-last' located by 'By.xpath: //input[@type = 'text' and @id = 'credit-card-last']' not found)

2019-11-10 08:04:37 - [MESSAGE][INFO] - Unable to find the element located by 'By.xpath: //input[@type = 'text' and @id = 'credit-card-last']'. Please recheck the objects properties to make sure the desired element is located. 

2019-11-10 08:04:37 - [MESSAGE][FAILED] - Unable to set text 'ZZ11-ayDYmJBx' of object 'Object Repository/mobileSanity/Dental/app_page2/input__credit-card-last' (Root cause: com.kms.katalon.core.webui.exception.WebElementNotFoundException: Web element with id: 'Object Repository/mobileSanity/Dental/app_page2/input__credit-card-last' located by 'By.xpath: //input[@type = 'text' and @id = 'credit-card-last']' not found)
[[ATTACHMENT|D:\\Test\\AgileTest\\Reports\\mobileWeb\\dental\\20191110_080024\\1573391077293.png]]

2019-11-10 08:04:37 - [TEST_STEP][FAILED] - selectOptionByValue(findTestObject("mobileSanity/Dental/app_page2/select_MM010203040506070809101"), "12", true): Unable to select option by value '12' of object 'Object Repository/mobileSanity/Dental/app_page2/select_MM010203040506070809101'  using regular expression (Root cause: com.kms.katalon.core.webui.exception.WebElementNotFoundException: Web element with id: 'Object Repository/mobileSanity/Dental/app_page2/select_MM010203040506070809101' located by 'By.xpath: //select[@id = 'expiration-month' and (text() = 'MM010203040506070809101112' or . = 'MM010203040506070809101112')]' not found)

2019-11-10 08:04:58 - [MESSAGE][INFO] - Unable to find the element located by 'By.xpath: //select[@id = 'expiration-month' and (text() = 'MM010203040506070809101112' or . = 'MM010203040506070809101112')]'. Please recheck the objects properties to make sure the desired element is located. 

2019-11-10 08:04:58 - [MESSAGE][FAILED] - Unable to select option by value '12' of object 'Object Repository/mobileSanity/Dental/app_page2/select_MM010203040506070809101'  using regular expression (Root cause: com.kms.katalon.core.webui.exception.WebElementNotFoundException: Web element with id: 'Object Repository/mobileSanity/Dental/app_page2/select_MM010203040506070809101' located by 'By.xpath: //select[@id = 'expiration-month' and (text() = 'MM010203040506070809101112' or . = 'MM010203040506070809101112')]' not found)
[[ATTACHMENT|D:\\Test\\AgileTest\\Reports\\mobileWeb\\dental\\20191110_080024\\1573391098060.png]]

2019-11-10 08:04:58 - [TEST_STEP][FAILED] - selectOptionByValue(findTestObject("mobileSanity/Dental/app_page2/select_YYYY2019202020212022202"), "2026", true): Unable to select option by value '2026' of object 'Object Repository/mobileSanity/Dental/app_page2/select_YYYY2019202020212022202'  using regular expression (Root cause: com.kms.katalon.core.webui.exception.WebElementNotFoundException: Web element with id: 'Object Repository/mobileSanity/Dental/app_page2/select_YYYY2019202020212022202' located by 'By.xpath: //select[@id = 'expiration-year' and (text() = 'YYYY20192020202120222023202420252026202720282029' or . = 'YYYY20192020202120222023202420252026202720282029')]' not found)

2019-11-10 08:05:18 - [MESSAGE][INFO] - Unable to find the element located by 'By.xpath: //select[@id = 'expiration-year' and (text() = 'YYYY20192020202120222023202420252026202720282029' or . = 'YYYY20192020202120222023202420252026202720282029')]'. Please recheck the objects properties to make sure the desired element is located. 

2019-11-10 08:05:19 - [MESSAGE][FAILED] - Unable to select option by value '2026' of object 'Object Repository/mobileSanity/Dental/app_page2/select_YYYY2019202020212022202'  using regular expression (Root cause: com.kms.katalon.core.webui.exception.WebElementNotFoundException: Web element with id: 'Object Repository/mobileSanity/Dental/app_page2/select_YYYY2019202020212022202' located by 'By.xpath: //select[@id = 'expiration-year' and (text() = 'YYYY20192020202120222023202420252026202720282029' or . = 'YYYY20192020202120222023202420252026202720282029')]' not found)
[[ATTACHMENT|D:\\Test\\AgileTest\\Reports\\mobileWeb\\dental\\20191110_080024\\1573391118816.png]]

2019-11-10 08:05:19 - [TEST_STEP][FAILED] - setText(findTestObject("mobileSanity/Dental/app_page2/input__credit-card-number"), "4111111111111111"): Unable to set text '4111111111111111' of object 'Object Repository/mobileSanity/Dental/app_page2/input__credit-card-number' (Root cause: com.kms.katalon.core.webui.exception.WebElementNotFoundException: Web element with id: 'Object Repository/mobileSanity/Dental/app_page2/input__credit-card-number' located by 'By.xpath: //input[@id = 'credit-card-number']' not found)

2019-11-10 08:05:39 - [MESSAGE][INFO] - Unable to find the element located by 'By.xpath: //input[@id = 'credit-card-number']'. Please recheck the objects properties to make sure the desired element is located. 

2019-11-10 08:05:39 - [MESSAGE][FAILED] - Unable to set text '4111111111111111' of object 'Object Repository/mobileSanity/Dental/app_page2/input__credit-card-number' (Root cause: com.kms.katalon.core.webui.exception.WebElementNotFoundException: Web element with id: 'Object Repository/mobileSanity/Dental/app_page2/input__credit-card-number' located by 'By.xpath: //input[@id = 'credit-card-number']' not found)
[[ATTACHMENT|D:\\Test\\AgileTest\\Reports\\mobileWeb\\dental\\20191110_080024\\1573391139596.png]]

2019-11-10 08:05:39 - [TEST_STEP][FAILED] - setText(findTestObject("mobileSanity/Dental/app_page2/input__cvv"), "123"): Unable to set text '123' of object 'Object Repository/mobileSanity/Dental/app_page2/input__cvv' (Root cause: com.kms.katalon.core.webui.exception.WebElementNotFoundException: Web element with id: 'Object Repository/mobileSanity/Dental/app_page2/input__cvv' located by 'By.xpath: //input[@id = 'credit-card-cvv']' not found)

2019-11-10 08:06:00 - [MESSAGE][INFO] - Unable to find the element located by 'By.xpath: //input[@id = 'credit-card-cvv']'. Please recheck the objects properties to make sure the desired element is located. 

2019-11-10 08:06:00 - [MESSAGE][FAILED] - Unable to set text '123' of object 'Object Repository/mobileSanity/Dental/app_page2/input__cvv' (Root cause: com.kms.katalon.core.webui.exception.WebElementNotFoundException: Web element with id: 'Object Repository/mobileSanity/Dental/app_page2/input__cvv' located by 'By.xpath: //input[@id = 'credit-card-cvv']' not found)
[[ATTACHMENT|D:\\Test\\AgileTest\\Reports\\mobileWeb\\dental\\20191110_080024\\1573391160370.png]]

2019-11-10 08:06:00 - [TEST_STEP][FAILED] - click(findTestObject("mobileSanity/Dental/app_page2/label_My billing address is th")): Unable to click on object 'Object Repository/mobileSanity/Dental/app_page2/label_My billing address is th' (Root cause: com.kms.katalon.core.webui.exception.WebElementNotFoundException: Web element with id: 'Object Repository/mobileSanity/Dental/app_page2/label_My billing address is th' located by 'By.xpath: //label[(text() = 'My billing address is the same as my contact information address.' or . = 'My billing address is the same as my contact information address.')]' not found)

2019-11-10 08:06:21 - [MESSAGE][INFO] - Unable to find the element located by 'By.xpath: //label[(text() = 'My billing address is the same as my contact information address.' or . = 'My billing address is the same as my contact information address.')]'. Please recheck the objects properties to make sure the desired element is located. 

2019-11-10 08:06:21 - [MESSAGE][FAILED] - Unable to click on object 'Object Repository/mobileSanity/Dental/app_page2/label_My billing address is th' (Root cause: com.kms.katalon.core.webui.exception.WebElementNotFoundException: Web element with id: 'Object Repository/mobileSanity/Dental/app_page2/label_My billing address is th' located by 'By.xpath: //label[(text() = 'My billing address is the same as my contact information address.' or . = 'My billing address is the same as my contact information address.')]' not found)
[[ATTACHMENT|D:\\Test\\AgileTest\\Reports\\mobileWeb\\dental\\20191110_080024\\1573391181131.png]]

2019-11-10 08:06:21 - [TEST_STEP][FAILED] - click(findTestObject("mobileSanity/Dental/app_page2/label_I Accept Authorization f")): Unable to click on object 'Object Repository/mobileSanity/Dental/app_page2/label_I Accept Authorization f' (Root cause: com.kms.katalon.core.webui.exception.WebElementNotFoundException: Web element with id: 'Object Repository/mobileSanity/Dental/app_page2/label_I Accept Authorization f' located by 'By.xpath: //label[(text() = 'I Accept Authorization for Automatic Credit Card Payment*' or . = 'I Accept Authorization for Automatic Credit Card Payment*')]' not found)

2019-11-10 08:06:41 - [MESSAGE][INFO] - Unable to find the element located by 'By.xpath: //label[(text() = 'I Accept Authorization for Automatic Credit Card Payment*' or . = 'I Accept Authorization for Automatic Credit Card Payment*')]'. Please recheck the objects properties to make sure the desired element is located. 

2019-11-10 08:06:42 - [MESSAGE][FAILED] - Unable to click on object 'Object Repository/mobileSanity/Dental/app_page2/label_I Accept Authorization f' (Root cause: com.kms.katalon.core.webui.exception.WebElementNotFoundException: Web element with id: 'Object Repository/mobileSanity/Dental/app_page2/label_I Accept Authorization f' located by 'By.xpath: //label[(text() = 'I Accept Authorization for Automatic Credit Card Payment*' or . = 'I Accept Authorization for Automatic Credit Card Payment*')]' not found)
[[ATTACHMENT|D:\\Test\\AgileTest\\Reports\\mobileWeb\\dental\\20191110_080024\\1573391201978.png]]

2019-11-10 08:06:42 - [TEST_STEP][FAILED] - click(findTestObject("mobileSanity/Dental/app_page2/a_Continue to Step 3 - Review")): Unable to click on object 'Object Repository/mobileSanity/Dental/app_page2/a_Continue to Step 3 - Review' (Root cause: com.kms.katalon.core.webui.exception.WebElementNotFoundException: Web element with id: 'Object Repository/mobileSanity/Dental/app_page2/a_Continue to Step 3 - Review' located by 'By.xpath: //a[@id = 'js-app-continue-link' and @type = 'submit']' not found)

2019-11-10 08:07:06 - [MESSAGE][INFO] - Unable to find the element located by 'By.xpath: //a[@id = 'js-app-continue-link' and @type = 'submit']'. Please recheck the objects properties to make sure the desired element is located. 

2019-11-10 08:07:06 - [MESSAGE][FAILED] - Unable to click on object 'Object Repository/mobileSanity/Dental/app_page2/a_Continue to Step 3 - Review' (Root cause: com.kms.katalon.core.webui.exception.WebElementNotFoundException: Web element with id: 'Object Repository/mobileSanity/Dental/app_page2/a_Continue to Step 3 - Review' located by 'By.xpath: //a[@id = 'js-app-continue-link' and @type = 'submit']' not found)
[[ATTACHMENT|D:\\Test\\AgileTest\\Reports\\mobileWeb\\dental\\20191110_080024\\1573391226450.png]]

2019-11-10 08:07:06 - [TEST_STEP][PASSED] - waitForPageLoad(20): Wait for page load successfully

2019-11-10 08:07:06 - [MESSAGE][PASSED] - Wait for page load successfully

2019-11-10 08:07:06 - [TEST_STEP][PASSED] - Thread.sleep(2000): null

2019-11-10 08:07:08 - [TEST_STEP][PASSED] - waitForElementClickable(findTestObject("mobileSanity/Dental/app_page3/label"), 20): Web element with id: 'Object Repository/mobileSanity/Dental/app_page3/label' located by 'By.xpath: //*[@id = 'consent-checkbox-0']' not found

2019-11-10 08:07:30 - [MESSAGE][INFO] - Unable to find the element located by 'By.xpath: //*[@id = 'consent-checkbox-0']'. Please recheck the objects properties to make sure the desired element is located. 

2019-11-10 08:07:30 - [MESSAGE][WARNING] - Web element with id: 'Object Repository/mobileSanity/Dental/app_page3/label' located by 'By.xpath: //*[@id = 'consent-checkbox-0']' not found

2019-11-10 08:07:30 - [TEST_STEP][PASSED] - callTestCase(findTestCase("mobileWeb/_include/get_screenshot"), [:], STOP_ON_FAILURE): Call Test Case 'Test Cases/mobileWeb/_include/get_screenshot' successfully

2019-11-10 08:07:30 - [TEST_CASE][PASSED] - Test Cases/mobileWeb/_include/get_screenshot: Test Cases/mobileWeb/_include/get_screenshot

2019-11-10 08:07:30 - [TEST_STEP][PASSED] - takeScreenshot(screenPath + i + ".png"): Taking screenshot successfully

2019-11-10 08:07:31 - [MESSAGE][PASSED] - Taking screenshot successfully
[[ATTACHMENT|D:\\Test\\AgileTest\\Reports\\mobileWeb\\dental\\20191110_080024\\../Screenshots/iPhone 6/dental/National General/20191110_080030/8.png]]

2019-11-10 08:07:31 - [TEST_STEP][PASSED] - (internal.GlobalVariable.i++): null

2019-11-10 08:07:31 - [MESSAGE][PASSED] - Call Test Case 'Test Cases/mobileWeb/_include/get_screenshot' successfully

2019-11-10 08:07:31 - [TEST_STEP][FAILED] - click(findTestObject("mobileSanity/Dental/app_page3/label")): Unable to click on object 'Object Repository/mobileSanity/Dental/app_page3/label' (Root cause: com.kms.katalon.core.webui.exception.WebElementNotFoundException: Web element with id: 'Object Repository/mobileSanity/Dental/app_page3/label' located by 'By.xpath: //*[@id = 'consent-checkbox-0']' not found)

2019-11-10 08:07:52 - [MESSAGE][INFO] - Unable to find the element located by 'By.xpath: //*[@id = 'consent-checkbox-0']'. Please recheck the objects properties to make sure the desired element is located. 

2019-11-10 08:07:52 - [MESSAGE][FAILED] - Unable to click on object 'Object Repository/mobileSanity/Dental/app_page3/label' (Root cause: com.kms.katalon.core.webui.exception.WebElementNotFoundException: Web element with id: 'Object Repository/mobileSanity/Dental/app_page3/label' located by 'By.xpath: //*[@id = 'consent-checkbox-0']' not found)
[[ATTACHMENT|D:\\Test\\AgileTest\\Reports\\mobileWeb\\dental\\20191110_080024\\1573391272383.png]]

2019-11-10 08:07:52 - [TEST_STEP][FAILED] - click(findTestObject("mobileSanity/Dental/app_page3/p_CLICK TO SIGN")): Unable to click on object 'Object Repository/mobileSanity/Dental/app_page3/p_CLICK TO SIGN' (Root cause: com.kms.katalon.core.webui.exception.WebElementNotFoundException: Web element with id: 'Object Repository/mobileSanity/Dental/app_page3/p_CLICK TO SIGN' located by 'By.xpath: //*[@id = 'js-signature-tab']' not found)

2019-11-10 08:08:13 - [MESSAGE][INFO] - Unable to find the element located by 'By.xpath: //*[@id = 'js-signature-tab']'. Please recheck the objects properties to make sure the desired element is located. 

2019-11-10 08:08:14 - [MESSAGE][FAILED] - Unable to click on object 'Object Repository/mobileSanity/Dental/app_page3/p_CLICK TO SIGN' (Root cause: com.kms.katalon.core.webui.exception.WebElementNotFoundException: Web element with id: 'Object Repository/mobileSanity/Dental/app_page3/p_CLICK TO SIGN' located by 'By.xpath: //*[@id = 'js-signature-tab']' not found)
[[ATTACHMENT|D:\\Test\\AgileTest\\Reports\\mobileWeb\\dental\\20191110_080024\\1573391293724.png]]

2019-11-10 08:08:14 - [TEST_STEP][FAILED] - click(findTestObject("mobileSanity/Dental/app_page3/a_Submit Your Application")): Unable to click on object 'Object Repository/mobileSanity/Dental/app_page3/a_Submit Your Application' (Root cause: com.kms.katalon.core.webui.exception.WebElementNotFoundException: Web element with id: 'Object Repository/mobileSanity/Dental/app_page3/a_Submit Your Application' located by 'By.xpath: //a[@id = 'js-app-continue-link' and @type = 'submit']' not found)

2019-11-10 08:08:35 - [MESSAGE][INFO] - Unable to find the element located by 'By.xpath: //a[@id = 'js-app-continue-link' and @type = 'submit']'. Please recheck the objects properties to make sure the desired element is located. 

2019-11-10 08:08:35 - [MESSAGE][FAILED] - Unable to click on object 'Object Repository/mobileSanity/Dental/app_page3/a_Submit Your Application' (Root cause: com.kms.katalon.core.webui.exception.WebElementNotFoundException: Web element with id: 'Object Repository/mobileSanity/Dental/app_page3/a_Submit Your Application' located by 'By.xpath: //a[@id = 'js-app-continue-link' and @type = 'submit']' not found)
[[ATTACHMENT|D:\\Test\\AgileTest\\Reports\\mobileWeb\\dental\\20191110_080024\\1573391315313.png]]

2019-11-10 08:08:35 - [TEST_STEP][PASSED] - Thread.sleep(50000): null

2019-11-10 08:09:25 - [TEST_STEP][PASSED] - waitForElementPresent(findTestObject("mobileSanity/Dental/app_page4/js-app-confirmation"), 20): Object 'Object Repository/mobileSanity/Dental/app_page4/js-app-confirmation' is not present after 20 second(s)

2019-11-10 08:09:46 - [MESSAGE][INFO] - Unable to find the element located by 'By.xpath: //*[@id = 'js-app-confirmation']'. Please recheck the objects properties to make sure the desired element is located. 

2019-11-10 08:09:46 - [MESSAGE][WARNING] - Object 'Object Repository/mobileSanity/Dental/app_page4/js-app-confirmation' is not present after 20 second(s)

2019-11-10 08:09:46 - [TEST_STEP][FAILED] - callTestCase(findTestCase("mobileWeb/_include/get_screenshot"), [:], STOP_ON_FAILURE): callTestCase(findTestCase("mobileWeb/_include/get_screenshot"), [:], STOP_ON_FAILURE) FAILED.
Reason:
com.kms.katalon.core.exception.StepFailedException: Unable to set text 'Test-123' of object 'Object Repository/mobileSanity/Dental/app_page1/input__member-P-1-firstName' (Root cause: com.kms.katalon.core.webui.exception.WebElementNotFoundException: Web element with id: 'Object Repository/mobileSanity/Dental/app_page1/input__member-P-1-firstName' located by 'By.xpath: //input[@id = 'member-P-1-firstName' and @type = 'text']' not found)
	at com.kms.katalon.core.keyword.internal.KeywordMain.stepFailed(KeywordMain.groovy:32)
	at com.kms.katalon.core.webui.keyword.internal.WebUIKeywordMain.stepFailed(WebUIKeywordMain.groovy:65)
	at com.kms.katalon.core.webui.keyword.internal.WebUIKeywordMain.runKeyword(WebUIKeywordMain.groovy:27)
	at com.kms.katalon.core.webui.keyword.builtin.SetTextKeyword.setText(SetTextKeyword.groovy:65)
	at com.kms.katalon.core.webui.keyword.builtin.SetTextKeyword.execute(SetTextKeyword.groovy:37)
	at com.kms.katalon.core.keyword.internal.KeywordExecutor.executeKeywordForPlatform(KeywordExecutor.groovy:53)
	at com.kms.katalon.core.webui.keyword.WebUiBuiltInKeywords.setText(WebUiBuiltInKeywords.groovy:950)
	at com.kms.katalon.core.webui.keyword.WebUiBuiltInKeywords$setText$4.call(Unknown Source)
	at goToEnd_dental.run(goToEnd_dental:20)
	at com.kms.katalon.core.main.ScriptEngine.run(ScriptEngine.java:194)
	at com.kms.katalon.core.main.ScriptEngine.runScriptAsRawText(ScriptEngine.java:119)
	at com.kms.katalon.core.main.TestCaseExecutor.runScript(TestCaseExecutor.java:328)
	at com.kms.katalon.core.main.TestCaseExecutor.doExecute(TestCaseExecutor.java:319)
	at com.kms.katalon.core.main.TestCaseExecutor.processExecutionPhase(TestCaseExecutor.java:298)
	at com.kms.katalon.core.main.TestCaseExecutor.accessMainPhase(TestCaseExecutor.java:290)
	at com.kms.katalon.core.main.TestCaseExecutor.execute(TestCaseExecutor.java:224)
	at com.kms.katalon.core.main.TestCaseMain.runTestCase(TestCaseMain.java:106)
	at com.kms.katalon.core.keyword.builtin.CallTestCaseKeyword$_callTestCase_closure1.doCall(CallTestCaseKeyword.groovy:59)
	at com.kms.katalon.core.keyword.builtin.CallTestCaseKeyword$_callTestCase_closure1.call(CallTestCaseKeyword.groovy)
	at com.kms.katalon.core.keyword.internal.KeywordMain.runKeyword(KeywordMain.groovy:54)
	at com.kms.katalon.core.keyword.builtin.CallTestCaseKeyword.callTestCase(CallTestCaseKeyword.groovy:80)
	at com.kms.katalon.core.keyword.builtin.CallTestCaseKeyword.execute(CallTestCaseKeyword.groovy:44)
	at com.kms.katalon.core.keyword.internal.KeywordExecutor.executeKeywordForPlatform(KeywordExecutor.groovy:53)
	at com.kms.katalon.core.keyword.BuiltinKeywords.callTestCase(BuiltinKeywords.groovy:334)
	at National General.run(National General:54)
	at com.kms.katalon.core.main.ScriptEngine.run(ScriptEngine.java:194)
	at com.kms.katalon.core.main.ScriptEngine.runScriptAsRawText(ScriptEngine.java:119)
	at com.kms.katalon.core.main.TestCaseExecutor.runScript(TestCaseExecutor.java:328)
	at com.kms.katalon.core.main.TestCaseExecutor.doExecute(TestCaseExecutor.java:319)
	at com.kms.katalon.core.main.TestCaseExecutor.processExecutionPhase(TestCaseExecutor.java:298)
	at com.kms.katalon.core.main.TestCaseExecutor.accessMainPhase(TestCaseExecutor.java:290)
	at com.kms.katalon.core.main.TestCaseExecutor.execute(TestCaseExecutor.java:224)
	at com.kms.katalon.core.main.TestSuiteExecutor.accessTestCaseMainPhase(TestSuiteExecutor.java:129)
	at com.kms.katalon.core.main.TestSuiteExecutor.accessTestSuiteMainPhase(TestSuiteExecutor.java:112)
	at com.kms.katalon.core.main.TestSuiteExecutor.execute(TestSuiteExecutor.java:81)
	at com.kms.katalon.core.main.TestCaseMain.startTestSuite(TestCaseMain.java:149)
	at com.kms.katalon.core.main.TestCaseMain$startTestSuite$0.call(Unknown Source)
	at TempTestSuite1573390824681.run(TempTestSuite1573390824681.groovy:36)


2019-11-10 08:09:46 - [TEST_CASE][PASSED] - Test Cases/mobileWeb/_include/get_screenshot: Test Cases/mobileWeb/_include/get_screenshot

2019-11-10 08:09:46 - [TEST_STEP][PASSED] - takeScreenshot(screenPath + i + ".png"): Taking screenshot successfully

2019-11-10 08:09:47 - [MESSAGE][PASSED] - Taking screenshot successfully
[[ATTACHMENT|D:\\Test\\AgileTest\\Reports\\mobileWeb\\dental\\20191110_080024\\../Screenshots/iPhone 6/dental/National General/20191110_080030/9.png]]

2019-11-10 08:09:47 - [TEST_STEP][PASSED] - (internal.GlobalVariable.i++): null

2019-11-10 08:09:47 - [MESSAGE][PASSED] - Call Test Case 'Test Cases/mobileWeb/_include/get_screenshot' successfully

2019-11-10 08:09:47 - [MESSAGE][FAILED] - callTestCase(findTestCase("mobileWeb/_include/get_screenshot"), [:], STOP_ON_FAILURE) FAILED.
Reason:
com.kms.katalon.core.exception.StepFailedException: Unable to set text 'Test-123' of object 'Object Repository/mobileSanity/Dental/app_page1/input__member-P-1-firstName' (Root cause: com.kms.katalon.core.webui.exception.WebElementNotFoundException: Web element with id: 'Object Repository/mobileSanity/Dental/app_page1/input__member-P-1-firstName' located by 'By.xpath: //input[@id = 'member-P-1-firstName' and @type = 'text']' not found)
	at com.kms.katalon.core.keyword.internal.KeywordMain.stepFailed(KeywordMain.groovy:32)
	at com.kms.katalon.core.webui.keyword.internal.WebUIKeywordMain.stepFailed(WebUIKeywordMain.groovy:65)
	at com.kms.katalon.core.webui.keyword.internal.WebUIKeywordMain.runKeyword(WebUIKeywordMain.groovy:27)
	at com.kms.katalon.core.webui.keyword.builtin.SetTextKeyword.setText(SetTextKeyword.groovy:65)
	at com.kms.katalon.core.webui.keyword.builtin.SetTextKeyword.execute(SetTextKeyword.groovy:37)
	at com.kms.katalon.core.keyword.internal.KeywordExecutor.executeKeywordForPlatform(KeywordExecutor.groovy:53)
	at com.kms.katalon.core.webui.keyword.WebUiBuiltInKeywords.setText(WebUiBuiltInKeywords.groovy:950)
	at com.kms.katalon.core.webui.keyword.WebUiBuiltInKeywords$setText$4.call(Unknown Source)
	at goToEnd_dental.run(goToEnd_dental:20)
	at com.kms.katalon.core.main.ScriptEngine.run(ScriptEngine.java:194)
	at com.kms.katalon.core.main.ScriptEngine.runScriptAsRawText(ScriptEngine.java:119)
	at com.kms.katalon.core.main.TestCaseExecutor.runScript(TestCaseExecutor.java:328)
	at com.kms.katalon.core.main.TestCaseExecutor.doExecute(TestCaseExecutor.java:319)
	at com.kms.katalon.core.main.TestCaseExecutor.processExecutionPhase(TestCaseExecutor.java:298)
	at com.kms.katalon.core.main.TestCaseExecutor.accessMainPhase(TestCaseExecutor.java:290)
	at com.kms.katalon.core.main.TestCaseExecutor.execute(TestCaseExecutor.java:224)
	at com.kms.katalon.core.main.TestCaseMain.runTestCase(TestCaseMain.java:106)
	at com.kms.katalon.core.keyword.builtin.CallTestCaseKeyword$_callTestCase_closure1.doCall(CallTestCaseKeyword.groovy:59)
	at com.kms.katalon.core.keyword.builtin.CallTestCaseKeyword$_callTestCase_closure1.call(CallTestCaseKeyword.groovy)
	at com.kms.katalon.core.keyword.internal.KeywordMain.runKeyword(KeywordMain.groovy:54)
	at com.kms.katalon.core.keyword.builtin.CallTestCaseKeyword.callTestCase(CallTestCaseKeyword.groovy:80)
	at com.kms.katalon.core.keyword.builtin.CallTestCaseKeyword.execute(CallTestCaseKeyword.groovy:44)
	at com.kms.katalon.core.keyword.internal.KeywordExecutor.executeKeywordForPlatform(KeywordExecutor.groovy:53)
	at com.kms.katalon.core.keyword.BuiltinKeywords.callTestCase(BuiltinKeywords.groovy:334)
	at National General.run(National General:54)
	at com.kms.katalon.core.main.ScriptEngine.run(ScriptEngine.java:194)
	at com.kms.katalon.core.main.ScriptEngine.runScriptAsRawText(ScriptEngine.java:119)
	at com.kms.katalon.core.main.TestCaseExecutor.runScript(TestCaseExecutor.java:328)
	at com.kms.katalon.core.main.TestCaseExecutor.doExecute(TestCaseExecutor.java:319)
	at com.kms.katalon.core.main.TestCaseExecutor.processExecutionPhase(TestCaseExecutor.java:298)
	at com.kms.katalon.core.main.TestCaseExecutor.accessMainPhase(TestCaseExecutor.java:290)
	at com.kms.katalon.core.main.TestCaseExecutor.execute(TestCaseExecutor.java:224)
	at com.kms.katalon.core.main.TestSuiteExecutor.accessTestCaseMainPhase(TestSuiteExecutor.java:129)
	at com.kms.katalon.core.main.TestSuiteExecutor.accessTestSuiteMainPhase(TestSuiteExecutor.java:112)
	at com.kms.katalon.core.main.TestSuiteExecutor.execute(TestSuiteExecutor.java:81)
	at com.kms.katalon.core.main.TestCaseMain.startTestSuite(TestCaseMain.java:149)
	at com.kms.katalon.core.main.TestCaseMain$startTestSuite$0.call(Unknown Source)
	at TempTestSuite1573390824681.run(TempTestSuite1573390824681.groovy:36)


2019-11-10 08:09:47 - [MESSAGE][FAILED] - Unable to call Test Case 'Test Cases/mobileWeb/_include/goToEnd_dental' (Root cause: com.kms.katalon.core.exception.StepFailedException: Call Test Case 'Test Cases/mobileWeb/_include/goToEnd_dental' failed)

2019-11-10 08:09:47 - [MESSAGE][FAILED] - callTestCase(findTestCase("mobileWeb/_include/goToEnd_dental"), ["carrier":"nationalgeneral"], CONTINUE_ON_FAILURE) FAILED.
Reason:
[...]
	at com.kms.katalon.core.main.ScriptEngine.runScriptAsRawText(ScriptEngine.java:119)
	at com.kms.katalon.core.main.TestCaseExecutor.runScript(TestCaseExecutor.java:328)
	at com.kms.katalon.core.main.TestCaseExecutor.doExecute(TestCaseExecutor.java:319)
	at com.kms.katalon.core.main.TestCaseExecutor.processExecutionPhase(TestCaseExecutor.java:298)
	at com.kms.katalon.core.main.TestCaseExecutor.accessMainPhase(TestCaseExecutor.java:290)
	at com.kms.katalon.core.main.TestCaseExecutor.execute(TestCaseExecutor.java:224)
	at com.kms.katalon.core.main.TestSuiteExecutor.accessTestCaseMainPhase(TestSuiteExecutor.java:129)
	at com.kms.katalon.core.main.TestSuiteExecutor.accessTestSuiteMainPhase(TestSuiteExecutor.java:112)
	at com.kms.katalon.core.main.TestSuiteExecutor.execute(TestSuiteExecutor.java:81)
	at com.kms.katalon.core.main.TestCaseMain.startTestSuite(TestCaseMain.java:149)
	at com.kms.katalon.core.main.TestCaseMain$startTestSuite$0.call(Unknown Source)
	at TempTestSuite1573390824681.run(TempTestSuite1573390824681.groovy:36)


2019-11-10 08:28:18 - [MESSAGE][FAILED] - Unable to call Test Case 'Test Cases/mobileWeb/_include/goToEnd_dental' (Root cause: com.kms.katalon.core.exception.StepFailedException: Call Test Case 'Test Cases/mobileWeb/_include/goToEnd_dental' failed)

2019-11-10 08:28:18 - [MESSAGE][FAILED] - callTestCase(findTestCase("mobileWeb/_include/goToEnd_dental"), ["carrier":"usa"], STOP_ON_FAILURE) FAILED.
Reason:
com.kms.katalon.core.exception.StepFailedException: Unable to click on object 'Object Repository/mobileSanity/Dental/quote/a_Select This Plan' (Root cause: org.openqa.selenium.WebDriverException: unknown error: Element <a href="/dental-insurance/apply/usa-plus-dental-vision-al" class="js-buy-plan quote-plan-buy">...</a> is not clickable at point (187, 645). Other element would receive the click: <iframe src="https://secure.livechatinc.com/licence/11465608/v2/open_chat.cgi?license=11465608&amp;group=0&amp;embedded=1&amp;widget_version=3&amp;unique_groups=0" allowtransparency="true" allow="autoplay" id="chat-widget" name="chat-widget" scrolling="no" role="application" aria-label="LiveChat chat widget" style="width: 100%; height: 100%; min-height: 0px; min-width: 0px; margin: 0px; padding: 0px; background-image: none; background-position: 0% 0%; background-size: initial; background-attachment: scroll; background-origin: initial; background-clip: initial; background-color: rgba(0, 0, 0, 0); border-width: 0px; float: none; position: absolute; top: 0px; left: 0px; bottom: 0px; right: 0px; transition: none 0s ease 0s !important;"></iframe>
  (Session info: chrome=78.0.3904.70)
  (Driver info: chromedriver=2.43.600210 (68dcf5eebde37173d4027fa8635e332711d2874a),platform=Windows NT 6.3.9600 x86_64) (WARNING: The server did not provide any stacktrace information)
Command duration or timeout: 0 milliseconds
Build info: version: '3.7.1', revision: '8a0099a', time: '2017-11-06T21:07:36.161Z'
System info: host: 'WIN-U215233FMVE', ip: '172.30.0.53', os.name: 'Windows Server 2012 R2', os.arch: 'amd64', os.version: '6.3', java.version: '1.8.0_181'
Driver info: com.kms.katalon.selenium.driver.CChromeDriver
Capabilities {acceptInsecureCerts: false, acceptSslCerts: false, applicationCacheEnabled: false, browserConnectionEnabled: false, browserName: chrome, chrome: {chromedriverVersion: 2.43.600210 (68dcf5eebde371..., userDataDir: C:\Users\ADMINI~1\AppData\L...}, cssSelectorsEnabled: true, databaseEnabled: false, goog:chromeOptions: {debuggerAddress: localhost:64331}, handlesAlerts: true, hasTouchScreen: true, javascriptEnabled: true, locationContextEnabled: true, mobileEmulationEnabled: true, nativeEvents: true, networkConnectionEnabled: false, pageLoadStrategy: normal, platform: XP, platformName: XP, rotatable: false, setWindowRect: true, takesHeapSnapshot: true, takesScreenshot: true, unexpectedAlertBehaviour: , unhandledPromptBehavior: , version: 78.0.3904.70, webStorageEnabled: true}
Session ID: 8ba3bdb138da958033b95ff19f2d99e7)
	at com.kms.katalon.core.keyword.internal.KeywordMain.stepFailed(KeywordMain.groovy:32)
	at com.kms.katalon.core.webui.keyword.internal.WebUIKeywordMain.stepFailed(WebUIKeywordMain.groovy:65)
	at com.kms.katalon.core.webui.keyword.internal.WebUIKeywordMain.runKeyword(WebUIKeywordMain.groovy:27)
	at com.kms.katalon.core.webui.keyword.builtin.ClickKeyword.click(ClickKeyword.groovy:86)
	at com.kms.katalon.core.webui.keyword.builtin.ClickKeyword.execute(ClickKeyword.groovy:67)
	at com.kms.katalon.core.keyword.internal.KeywordExecutor.executeKeywordForPlatform(KeywordExecutor.groovy:53)
	at com.kms.katalon.core.webui.keyword.WebUiBuiltInKeywords.click(WebUiBuiltInKeywords.groovy:616)
	at com.kms.katalon.core.webui.keyword.WebUiBuiltInKeywords$click$2.call(Unknown Source)
	at USA Access.run(USA Access:43)
	at com.kms.katalon.core.main.ScriptEngine.run(ScriptEngine.java:194)
	at com.kms.katalon.core.main.ScriptEngine.runScriptAsRawText(ScriptEngine.java:119)
	at com.kms.katalon.core.main.TestCaseExecutor.runScript(TestCaseExecutor.java:328)
	at com.kms.katalon.core.main.TestCaseExecutor.doExecute(TestCaseExecutor.java:319)
	at com.kms.katalon.core.main.TestCaseExecutor.processExecutionPhase(TestCaseExecutor.java:298)
	at com.kms.katalon.core.main.TestCaseExecutor.accessMainPhase(TestCaseExecutor.java:290)
	at com.kms.katalon.core.main.TestCaseExecutor.execute(TestCaseExecutor.java:224)
	at com.kms.katalon.core.main.TestSuiteExecutor.accessTestCaseMainPhase(TestSuiteExecutor.java:129)
	at com.kms.katalon.core.main.TestSuiteExecutor.accessTestSuiteMainPhase(TestSuiteExecutor.java:112)
	at com.kms.katalon.core.main.TestSuiteExecutor.execute(TestSuiteExecutor.java:81)
	at com.kms.katalon.core.main.TestCaseMain.startTestSuite(TestCaseMain.java:149)
	at com.kms.katalon.core.main.TestCaseMain$startTestSuite$0.call(Unknown Source)
	at TempTestSuite1573390824681.run(TempTestSuite1573390824681.groovy:36)]]></system-out>
         <system-err><![CDATA[2019-11-10 08:18:40 - [TEST_CASE][FAILED] - Test Cases/mobileWeb/Dental/USA Access: Test Cases/mobileWeb/Dental/USA Access FAILED.
Reason:
com.kms.katalon.core.exception.StepFailedException: Unable to click on object 'Object Repository/mobileSanity/Dental/quote/a_Select This Plan' (Root cause: org.openqa.selenium.WebDriverException: unknown error: Element <a href="/dental-insurance/apply/usa-plus-dental-vision-al" class="js-buy-plan quote-plan-buy">...</a> is not clickable at point (187, 645). Other element would receive the click: <iframe src="https://secure.livechatinc.com/licence/11465608/v2/open_chat.cgi?license=11465608&amp;group=0&amp;embedded=1&amp;widget_version=3&amp;unique_groups=0" allowtransparency="true" allow="autoplay" id="chat-widget" name="chat-widget" scrolling="no" role="application" aria-label="LiveChat chat widget" style="width: 100%; height: 100%; min-height: 0px; min-width: 0px; margin: 0px; padding: 0px; background-image: none; background-position: 0% 0%; background-size: initial; background-attachment: scroll; background-origin: initial; background-clip: initial; background-color: rgba(0, 0, 0, 0); border-width: 0px; float: none; position: absolute; top: 0px; left: 0px; bottom: 0px; right: 0px; transition: none 0s ease 0s !important;"></iframe>
  (Session info: chrome=78.0.3904.70)
  (Driver info: chromedriver=2.43.600210 (68dcf5eebde37173d4027fa8635e332711d2874a),platform=Windows NT 6.3.9600 x86_64) (WARNING: The server did not provide any stacktrace information)
Command duration or timeout: 0 milliseconds
Build info: version: '3.7.1', revision: '8a0099a', time: '2017-11-06T21:07:36.161Z'
System info: host: 'WIN-U215233FMVE', ip: '172.30.0.53', os.name: 'Windows Server 2012 R2', os.arch: 'amd64', os.version: '6.3', java.version: '1.8.0_181'
Driver info: com.kms.katalon.selenium.driver.CChromeDriver
Capabilities {acceptInsecureCerts: false, acceptSslCerts: false, applicationCacheEnabled: false, browserConnectionEnabled: false, browserName: chrome, chrome: {chromedriverVersion: 2.43.600210 (68dcf5eebde371..., userDataDir: C:\Users\ADMINI~1\AppData\L...}, cssSelectorsEnabled: true, databaseEnabled: false, goog:chromeOptions: {debuggerAddress: localhost:64331}, handlesAlerts: true, hasTouchScreen: true, javascriptEnabled: true, locationContextEnabled: true, mobileEmulationEnabled: true, nativeEvents: true, networkConnectionEnabled: false, pageLoadStrategy: normal, platform: XP, platformName: XP, rotatable: false, setWindowRect: true, takesHeapSnapshot: true, takesScreenshot: true, unexpectedAlertBehaviour: , unhandledPromptBehavior: , version: 78.0.3904.70, webStorageEnabled: true}
Session ID: 8ba3bdb138da958033b95ff19f2d99e7)
	at com.kms.katalon.core.keyword.internal.KeywordMain.stepFailed(KeywordMain.groovy:32)
	at com.kms.katalon.core.webui.keyword.internal.WebUIKeywordMain.stepFailed(WebUIKeywordMain.groovy:65)
	at com.kms.katalon.core.webui.keyword.internal.WebUIKeywordMain.runKeyword(WebUIKeywordMain.groovy:27)
	at com.kms.katalon.core.webui.keyword.builtin.ClickKeyword.click(ClickKeyword.groovy:86)
	at com.kms.katalon.core.webui.keyword.builtin.ClickKeyword.execute(ClickKeyword.groovy:67)
	at com.kms.katalon.core.keyword.internal.KeywordExecutor.executeKeywordForPlatform(KeywordExecutor.groovy:53)
	at com.kms.katalon.core.webui.keyword.WebUiBuiltInKeywords.click(WebUiBuiltInKeywords.groovy:616)
	at com.kms.katalon.core.webui.keyword.WebUiBuiltInKeywords$click$2.call(Unknown Source)
	at USA Access.run(USA Access:43)
	at com.kms.katalon.core.main.ScriptEngine.run(ScriptEngine.java:194)
	at com.kms.katalon.core.main.ScriptEngine.runScriptAsRawText(ScriptEngine.java:119)
	at com.kms.katalon.core.main.TestCaseExecutor.runScript(TestCaseExecutor.java:328)
	at com.kms.katalon.core.main.TestCaseExecutor.doExecute(TestCaseExecutor.java:319)
	at com.kms.katalon.core.main.TestCaseExecutor.processExecutionPhase(TestCaseExecutor.java:298)
	at com.kms.katalon.core.main.TestCaseExecutor.accessMainPhase(TestCaseExecutor.java:290)
	at com.kms.katalon.core.main.TestCaseExecutor.execute(TestCaseExecutor.java:224)
	at com.kms.katalon.core.main.TestSuiteExecutor.accessTestCaseMainPhase(TestSuiteExecutor.java:129)
	at com.kms.katalon.core.main.TestSuiteExecutor.accessTestSuiteMainPhase(TestSuiteExecutor.java:112)
	at com.kms.katalon.core.main.TestSuiteExecutor.execute(TestSuiteExecutor.java:81)
	at com.kms.katalon.core.main.TestCaseMain.startTestSuite(TestCaseMain.java:149)
	at com.kms.katalon.core.main.TestCaseMain$startTestSuite$0.call(Unknown Source)
	at TempTestSuite1573390824681.run(TempTestSuite1573390824681.groovy:36)]]></system-err>
      </testcase>
      <system-out><![CDATA[2019-11-10 08:00:28 - [TEST_SUITE][FAILED] - dental: Test Cases/mobileWeb/Dental/National General FAILED.
Reason:
com.kms.katalon.core.exception.StepFailedException: Unable to click on object 'Object Repository/mobileSanity/Dental/quote/a_Select This Plan' (Root cause: org.openqa.selenium.WebDriverException: unknown error: Element <a href="/dental-insurance/apply/nationalgeneral-dental-essentials-al" class="js-buy-plan quote-plan-buy">...</a> is not clickable at point (187, 645). Other element would receive the click: <iframe src="https://secure.livechatinc.com/licence/11465608/v2/open_chat.cgi?license=11465608&amp;group=0&amp;embedded=1&amp;widget_version=3&amp;unique_groups=0" allowtransparency="true" allow="autoplay" id="chat-widget" name="chat-widget" scrolling="no" role="application" aria-label="LiveChat chat widget" style="width: 100%; height: 100%; min-height: 0px; min-width: 0px; margin: 0px; padding: 0px; background-image: none; background-position: 0% 0%; background-size: initial; background-attachment: scroll; background-origin: initial; background-clip: initial; background-color: rgba(0, 0, 0, 0); border-width: 0px; float: none; position: absolute; top: 0px; left: 0px; bottom: 0px; right: 0px; transition: none 0s ease 0s !important;"></iframe>
  (Session info: chrome=78.0.3904.70)
  (Driver info: chromedriver=2.43.600210 (68dcf5eebde37173d4027fa8635e332711d2874a),platform=Windows NT 6.3.9600 x86_64) (WARNING: The server did not provide any stacktrace information)
Command duration or timeout: 0 milliseconds
Build info: version: '3.7.1', revision: '8a0099a', time: '2017-11-06T21:07:36.161Z'
System info: host: 'WIN-U215233FMVE', ip: '172.30.0.53', os.name: 'Windows Server 2012 R2', os.arch: 'amd64', os.version: '6.3', java.version: '1.8.0_181'
Driver info: com.kms.katalon.selenium.driver.CChromeDriver
Capabilities {acceptInsecureCerts: false, acceptSslCerts: false, applicationCacheEnabled: false, browserConnectionEnabled: false, browserName: chrome, chrome: {chromedriverVersion: 2.43.600210 (68dcf5eebde371..., userDataDir: C:\Users\ADMINI~1\AppData\L...}, cssSelectorsEnabled: true, databaseEnabled: false, goog:chromeOptions: {debuggerAddress: localhost:62757}, handlesAlerts: true, hasTouchScreen: true, javascriptEnabled: true, locationContextEnabled: true, mobileEmulationEnabled: true, nativeEvents: true, networkConnectionEnabled: false, pageLoadStrategy: normal, platform: XP, platformName: XP, rotatable: false, setWindowRect: true, takesHeapSnapshot: true, takesScreenshot: true, unexpectedAlertBehaviour: , unhandledPromptBehavior: , version: 78.0.3904.70, webStorageEnabled: true}
Session ID: d5f1651f4fc4dc08c39b89898eda4f80)
	at com.kms.katalon.core.keyword.internal.KeywordMain.stepFailed(KeywordMain.groovy:32)
	at com.kms.katalon.core.webui.keyword.internal.WebUIKeywordMain.stepFailed(WebUIKeywordMain.groovy:65)
	at com.kms.katalon.core.webui.keyword.internal.WebUIKeywordMain.runKeyword(WebUIKeywordMain.groovy:27)
	at com.kms.katalon.core.webui.keyword.builtin.ClickKeyword.click(ClickKeyword.groovy:86)
	at com.kms.katalon.core.webui.keyword.builtin.ClickKeyword.execute(ClickKeyword.groovy:67)
	at com.kms.katalon.core.keyword.internal.KeywordExecutor.executeKeywordForPlatform(KeywordExecutor.groovy:53)
	at com.kms.katalon.core.webui.keyword.WebUiBuiltInKeywords.click(WebUiBuiltInKeywords.groovy:616)
	at com.kms.katalon.core.webui.keyword.WebUiBuiltInKeywords$click$2.call(Unknown Source)
	at National General.run(National General:40)
	at com.kms.katalon.core.main.ScriptEngine.run(ScriptEngine.java:194)
	at com.kms.katalon.core.main.ScriptEngine.runScriptAsRawText(ScriptEngine.java:119)
	at com.kms.katalon.core.main.TestCaseExecutor.runScript(TestCaseExecutor.java:328)
	at com.kms.katalon.core.main.TestCaseExecutor.doExecute(TestCaseExecutor.java:319)
	at com.kms.katalon.core.main.TestCaseExecutor.processExecutionPhase(TestCaseExecutor.java:298)
	at com.kms.katalon.core.main.TestCaseExecutor.accessMainPhase(TestCaseExecutor.java:290)
	at com.kms.katalon.core.main.TestCaseExecutor.execute(TestCaseExecutor.java:224)
	at com.kms.katalon.core.main.TestSuiteExecutor.accessTestCaseMainPhase(TestSuiteExecutor.java:129)
	at com.kms.katalon.core.main.TestSuiteExecutor.accessTestSuiteMainPhase(TestSuiteExecutor.java:112)
	at com.kms.katalon.core.main.TestSuiteExecutor.execute(TestSuiteExecutor.java:81)
	at com.kms.katalon.core.main.TestCaseMain.startTestSuite(TestCaseMain.java:149)
	at com.kms.katalon.core.main.TestCaseMain$startTestSuite$0.call(Unknown Source)
	at TempTestSuite1573390824681.run(TempTestSuite1573390824681.groovy:36)]]></system-out>
      <system-err><![CDATA[2019-11-10 08:00:28 - [TEST_SUITE][FAILED] - dental: Test Cases/mobileWeb/Dental/National General FAILED.
Reason:
com.kms.katalon.core.exception.StepFailedException: Unable to click on object 'Object Repository/mobileSanity/Dental/quote/a_Select This Plan' (Root cause: org.openqa.selenium.WebDriverException: unknown error: Element <a href="/dental-insurance/apply/nationalgeneral-dental-essentials-al" class="js-buy-plan quote-plan-buy">...</a> is not clickable at point (187, 645). Other element would receive the click: <iframe src="https://secure.livechatinc.com/licence/11465608/v2/open_chat.cgi?license=11465608&amp;group=0&amp;embedded=1&amp;widget_version=3&amp;unique_groups=0" allowtransparency="true" allow="autoplay" id="chat-widget" name="chat-widget" scrolling="no" role="application" aria-label="LiveChat chat widget" style="width: 100%; height: 100%; min-height: 0px; min-width: 0px; margin: 0px; padding: 0px; background-image: none; background-position: 0% 0%; background-size: initial; background-attachment: scroll; background-origin: initial; background-clip: initial; background-color: rgba(0, 0, 0, 0); border-width: 0px; float: none; position: absolute; top: 0px; left: 0px; bottom: 0px; right: 0px; transition: none 0s ease 0s !important;"></iframe>
  (Session info: chrome=78.0.3904.70)
  (Driver info: chromedriver=2.43.600210 (68dcf5eebde37173d4027fa8635e332711d2874a),platform=Windows NT 6.3.9600 x86_64) (WARNING: The server did not provide any stacktrace information)
Command duration or timeout: 0 milliseconds
Build info: version: '3.7.1', revision: '8a0099a', time: '2017-11-06T21:07:36.161Z'
System info: host: 'WIN-U215233FMVE', ip: '172.30.0.53', os.name: 'Windows Server 2012 R2', os.arch: 'amd64', os.version: '6.3', java.version: '1.8.0_181'
Driver info: com.kms.katalon.selenium.driver.CChromeDriver
Capabilities {acceptInsecureCerts: false, acceptSslCerts: false, applicationCacheEnabled: false, browserConnectionEnabled: false, browserName: chrome, chrome: {chromedriverVersion: 2.43.600210 (68dcf5eebde371..., userDataDir: C:\Users\ADMINI~1\AppData\L...}, cssSelectorsEnabled: true, databaseEnabled: false, goog:chromeOptions: {debuggerAddress: localhost:62757}, handlesAlerts: true, hasTouchScreen: true, javascriptEnabled: true, locationContextEnabled: true, mobileEmulationEnabled: true, nativeEvents: true, networkConnectionEnabled: false, pageLoadStrategy: normal, platform: XP, platformName: XP, rotatable: false, setWindowRect: true, takesHeapSnapshot: true, takesScreenshot: true, unexpectedAlertBehaviour: , unhandledPromptBehavior: , version: 78.0.3904.70, webStorageEnabled: true}
Session ID: d5f1651f4fc4dc08c39b89898eda4f80)
	at com.kms.katalon.core.keyword.internal.KeywordMain.stepFailed(KeywordMain.groovy:32)
	at com.kms.katalon.core.webui.keyword.internal.WebUIKeywordMain.stepFailed(WebUIKeywordMain.groovy:65)
	at com.kms.katalon.core.webui.keyword.internal.WebUIKeywordMain.runKeyword(WebUIKeywordMain.groovy:27)
	at com.kms.katalon.core.webui.keyword.builtin.ClickKeyword.click(ClickKeyword.groovy:86)
	at com.kms.katalon.core.webui.keyword.builtin.ClickKeyword.execute(ClickKeyword.groovy:67)
	at com.kms.katalon.core.keyword.internal.KeywordExecutor.executeKeywordForPlatform(KeywordExecutor.groovy:53)
	at com.kms.katalon.core.webui.keyword.WebUiBuiltInKeywords.click(WebUiBuiltInKeywords.groovy:616)
	at com.kms.katalon.core.webui.keyword.WebUiBuiltInKeywords$click$2.call(Unknown Source)
	at National General.run(National General:40)
	at com.kms.katalon.core.main.ScriptEngine.run(ScriptEngine.java:194)
	at com.kms.katalon.core.main.ScriptEngine.runScriptAsRawText(ScriptEngine.java:119)
	at com.kms.katalon.core.main.TestCaseExecutor.runScript(TestCaseExecutor.java:328)
	at com.kms.katalon.core.main.TestCaseExecutor.doExecute(TestCaseExecutor.java:319)
	at com.kms.katalon.core.main.TestCaseExecutor.processExecutionPhase(TestCaseExecutor.java:298)
	at com.kms.katalon.core.main.TestCaseExecutor.accessMainPhase(TestCaseExecutor.java:290)
	at com.kms.katalon.core.main.TestCaseExecutor.execute(TestCaseExecutor.java:224)
	at com.kms.katalon.core.main.TestSuiteExecutor.accessTestCaseMainPhase(TestSuiteExecutor.java:129)
	at com.kms.katalon.core.main.TestSuiteExecutor.accessTestSuiteMainPhase(TestSuiteExecutor.java:112)
	at com.kms.katalon.core.main.TestSuiteExecutor.execute(TestSuiteExecutor.java:81)
	at com.kms.katalon.core.main.TestCaseMain.startTestSuite(TestCaseMain.java:149)
	at com.kms.katalon.core.main.TestCaseMain$startTestSuite$0.call(Unknown Source)
	at TempTestSuite1573390824681.run(TempTestSuite1573390824681.groovy:36)]]></system-err>
   </testsuite>
</testsuites>
